<?xml version="1.0" encoding="UTF-8" standalone="yes"?><!DOCTYPE report PUBLIC "-//JACOCO//DTD Report 1.1//EN" "report.dtd"><report name="ia-dev-env"><sessioninfo id="Mac-Studio-de-Eder.local-e824d941" start="1775940094538" dump="1775940224119"/><sessioninfo id="Mac-Studio-de-Eder.local-e106c261" start="1775940302034" dump="1775940302461"/><sessioninfo id="Mac-Studio-de-Eder.local-fbfa4c1a" start="1775940308838" dump="1775940437946"/><sessioninfo id="Mac-Studio-de-Eder.local-60a8b737" start="1775940438817" dump="1775940514022"/><package name="dev/iadev/domain/port/input"><class name="dev/iadev/domain/port/input/ListStackProfilesUseCase" sourcefilename="ListStackProfilesUseCase.java"/><class name="dev/iadev/domain/port/input/ValidateConfigUseCase" sourcefilename="ValidateConfigUseCase.java"/><class name="dev/iadev/domain/port/input/GenerateEnvironmentUseCase" sourcefilename="GenerateEnvironmentUseCase.java"/><sourcefile name="ListStackProfilesUseCase.java"/><sourcefile name="ValidateConfigUseCase.java"/><sourcefile name="GenerateEnvironmentUseCase.java"/></package><package name="dev/iadev/domain/port/output"><class name="dev/iadev/domain/port/output/FileSystemWriter" sourcefilename="FileSystemWriter.java"/><class name="dev/iadev/domain/port/output/StackProfileRepository" sourcefilename="StackProfileRepository.java"/><class name="dev/iadev/domain/port/output/ProgressReporter" sourcefilename="ProgressReporter.java"/><class name="dev/iadev/domain/port/output/TemplateRenderer" sourcefilename="TemplateRenderer.java"/><class name="dev/iadev/domain/port/output/CheckpointStore" sourcefilename="CheckpointStore.java"/><sourcefile name="ProgressReporter.java"/><sourcefile name="TemplateRenderer.java"/><sourcefile name="FileSystemWriter.java"/><sourcefile name="StackProfileRepository.java"/><sourcefile name="CheckpointStore.java"/></package><package name="dev/iadev/checkpoint"><class name="dev/iadev/checkpoint/JacksonCheckpointPersistence" sourcefilename="JacksonCheckpointPersistence.java"><method name="&lt;init&gt;" desc="()V" line="38"><counter type="INSTRUCTION" missed="0" covered="6"/><counter type="LINE" missed="0" covered="3"/><counter type="COMPLEXITY" missed="0" covered="1"/><counter type="METHOD" missed="0" covered="1"/></method><method name="createMapper" desc="()Lcom/fasterxml/jackson/databind/ObjectMapper;" line="43"><counter type="INSTRUCTION" missed="0" covered="24"/><counter type="LINE" missed="0" covered="6"/><counter type="COMPLEXITY" missed="0" covered="1"/><counter type="METHOD" missed="0" covered="1"/></method><method name="save" desc="(Ldev/iadev/checkpoint/ExecutionState;Ljava/nio/file/Path;)V" line="58"><counter type="INSTRUCTION" missed="9" covered="35"/><counter type="LINE" missed="3" covered="7"/><counter type="COMPLEXITY" missed="0" covered="1"/><counter type="METHOD" missed="0" covered="1"/></method><method name="load" desc="(Ljava/nio/file/Path;)Ldev/iadev/checkpoint/ExecutionState;" line="81"><counter type="INSTRUCTION" missed="0" covered="43"/><counter type="BRANCH" missed="0" covered="2"/><counter type="LINE" missed="0" covered="11"/><counter type="COMPLEXITY" missed="0" covered="2"/><counter type="METHOD" missed="0" covered="1"/></method><counter type="INSTRUCTION" missed="9" covered="108"/><counter type="BRANCH" missed="0" covered="2"/><counter type="LINE" missed="3" covered="27"/><counter type="COMPLEXITY" missed="0" covered="5"/><counter type="METHOD" missed="0" covered="4"/><counter type="CLASS" missed="0" covered="1"/></class><class name="dev/iadev/checkpoint/ExecutionMetrics" sourcefilename="ExecutionMetrics.java"><method name="&lt;init&gt;" desc="(IIIIDJDLjava/util/Map;Ljava/util/Map;)V" line="21"><counter type="INSTRUCTION" missed="0" covered="30"/><counter type="LINE" missed="0" covered="1"/><counter type="COMPLEXITY" missed="0" covered="1"/><counter type="METHOD" missed="0" covered="1"/></method><method name="initial" desc="(I)Ldev/iadev/checkpoint/ExecutionMetrics;" line="40"><counter type="INSTRUCTION" missed="0" covered="13"/><counter type="LINE" missed="0" covered="2"/><counter type="COMPLEXITY" missed="0" covered="1"/><counter type="METHOD" missed="0" covered="1"/></method><counter type="INSTRUCTION" missed="0" covered="43"/><counter type="LINE" missed="0" covered="3"/><counter type="COMPLEXITY" missed="0" covered="2"/><counter type="METHOD" missed="0" covered="2"/><counter type="CLASS" missed="0" covered="1"/></class><class name="dev/iadev/checkpoint/CheckpointEngine$DurationMaps" sourcefilename="CheckpointEngine.java"><method name="&lt;init&gt;" desc="(Ljava/util/LinkedHashMap;Ljava/util/LinkedHashMap;)V" line="173"><counter type="INSTRUCTION" missed="0" covered="9"/><counter type="LINE" missed="0" covered="1"/><counter type="COMPLEXITY" missed="0" covered="1"/><counter type="METHOD" missed="0" covered="1"/></method><counter type="INSTRUCTION" missed="0" covered="9"/><counter type="LINE" missed="0" covered="1"/><counter type="COMPLEXITY" missed="0" covered="1"/><counter type="METHOD" missed="0" covered="1"/><counter type="CLASS" missed="0" covered="1"/></class><class name="dev/iadev/checkpoint/CheckpointPersistence" sourcefilename="CheckpointPersistence.java"/><class name="dev/iadev/checkpoint/TaskEntry" sourcefilename="TaskEntry.java"><method name="&lt;init&gt;" desc="(Ljava/lang/String;Ldev/iadev/checkpoint/TaskStatus;Ljava/lang/String;Ljava/lang/Integer;Ljava/lang/String;Ljava/time/Instant;Ljava/time/Instant;ILjava/lang/String;)V" line="25"><counter type="INSTRUCTION" missed="0" covered="30"/><counter type="LINE" missed="0" covered="1"/><counter type="COMPLEXITY" missed="0" covered="1"/><counter type="METHOD" missed="0" covered="1"/></method><method name="pending" desc="(Ljava/lang/String;)Ldev/iadev/checkpoint/TaskEntry;" line="47"><counter type="INSTRUCTION" missed="0" covered="13"/><counter type="LINE" missed="0" covered="1"/><counter type="COMPLEXITY" missed="0" covered="1"/><counter type="METHOD" missed="0" covered="1"/></method><method name="isValidTaskId" desc="(Ljava/lang/String;)Z" line="61"><counter type="INSTRUCTION" missed="0" covered="11"/><counter type="BRANCH" missed="0" covered="4"/><counter type="LINE" missed="0" covered="2"/><counter type="COMPLEXITY" missed="0" covered="3"/><counter type="METHOD" missed="0" covered="1"/></method><method name="validateTaskId" desc="(Ljava/lang/String;)V" line="72"><counter type="INSTRUCTION" missed="0" covered="16"/><counter type="BRANCH" missed="0" covered="2"/><counter type="LINE" missed="0" covered="4"/><counter type="COMPLEXITY" missed="0" covered="2"/><counter type="METHOD" missed="0" covered="1"/></method><method name="parseTaskId" desc="(Ljava/lang/String;)Ljava/util/Map;" line="88"><counter type="INSTRUCTION" missed="0" covered="20"/><counter type="LINE" missed="0" covered="3"/><counter type="COMPLEXITY" missed="0" covered="1"/><counter type="METHOD" missed="0" covered="1"/></method><method name="optionalPrUrl" desc="()Ljava/util/Optional;" line="99"><counter type="INSTRUCTION" missed="0" covered="4"/><counter type="LINE" missed="0" covered="1"/><counter type="COMPLEXITY" missed="0" covered="1"/><counter type="METHOD" missed="0" covered="1"/></method><method name="optionalPrNumber" desc="()Ljava/util/Optional;" line="104"><counter type="INSTRUCTION" missed="0" covered="4"/><counter type="LINE" missed="0" covered="1"/><counter type="COMPLEXITY" missed="0" covered="1"/><counter type="METHOD" missed="0" covered="1"/></method><method name="optionalBranch" desc="()Ljava/util/Optional;" line="109"><counter type="INSTRUCTION" missed="0" covered="4"/><counter type="LINE" missed="0" covered="1"/><counter type="COMPLEXITY" missed="0" covered="1"/><counter type="METHOD" missed="0" covered="1"/></method><method name="optionalStartedAt" desc="()Ljava/util/Optional;" line="114"><counter type="INSTRUCTION" missed="0" covered="4"/><counter type="LINE" missed="0" covered="1"/><counter type="COMPLEXITY" missed="0" covered="1"/><counter type="METHOD" missed="0" covered="1"/></method><method name="optionalCompletedAt" desc="()Ljava/util/Optional;" line="119"><counter type="INSTRUCTION" missed="0" covered="4"/><counter type="LINE" missed="0" covered="1"/><counter type="COMPLEXITY" missed="0" covered="1"/><counter type="METHOD" missed="0" covered="1"/></method><method name="optionalFailureReason" desc="()Ljava/util/Optional;" line="124"><counter type="INSTRUCTION" missed="0" covered="4"/><counter type="LINE" missed="0" covered="1"/><counter type="COMPLEXITY" missed="0" covered="1"/><counter type="METHOD" missed="0" covered="1"/></method><method name="withStatus" desc="(Ldev/iadev/checkpoint/TaskStatus;)Ldev/iadev/checkpoint/TaskEntry;" line="134"><counter type="INSTRUCTION" missed="0" covered="21"/><counter type="LINE" missed="0" covered="1"/><counter type="COMPLEXITY" missed="0" covered="1"/><counter type="METHOD" missed="0" covered="1"/></method><method name="withPrUrl" desc="(Ljava/lang/String;)Ldev/iadev/checkpoint/TaskEntry;" line="147"><counter type="INSTRUCTION" missed="0" covered="21"/><counter type="LINE" missed="0" covered="1"/><counter type="COMPLEXITY" missed="0" covered="1"/><counter type="METHOD" missed="0" covered="1"/></method><method name="withPrNumber" desc="(Ljava/lang/Integer;)Ldev/iadev/checkpoint/TaskEntry;" line="160"><counter type="INSTRUCTION" missed="0" covered="21"/><counter type="LINE" missed="0" covered="1"/><counter type="COMPLEXITY" missed="0" covered="1"/><counter type="METHOD" missed="0" covered="1"/></method><method name="withBranch" desc="(Ljava/lang/String;)Ldev/iadev/checkpoint/TaskEntry;" line="173"><counter type="INSTRUCTION" missed="0" covered="21"/><counter type="LINE" missed="0" covered="1"/><counter type="COMPLEXITY" missed="0" covered="1"/><counter type="METHOD" missed="0" covered="1"/></method><method name="withStartedAt" desc="(Ljava/time/Instant;)Ldev/iadev/checkpoint/TaskEntry;" line="186"><counter type="INSTRUCTION" missed="0" covered="21"/><counter type="LINE" missed="0" covered="1"/><counter type="COMPLEXITY" missed="0" covered="1"/><counter type="METHOD" missed="0" covered="1"/></method><method name="withCompletedAt" desc="(Ljava/time/Instant;)Ldev/iadev/checkpoint/TaskEntry;" line="199"><counter type="INSTRUCTION" missed="0" covered="21"/><counter type="LINE" missed="0" covered="1"/><counter type="COMPLEXITY" missed="0" covered="1"/><counter type="METHOD" missed="0" covered="1"/></method><method name="withAttempts" desc="(I)Ldev/iadev/checkpoint/TaskEntry;" line="212"><counter type="INSTRUCTION" missed="0" covered="21"/><counter type="LINE" missed="0" covered="1"/><counter type="COMPLEXITY" missed="0" covered="1"/><counter type="METHOD" missed="0" covered="1"/></method><method name="withFailureReason" desc="(Ljava/lang/String;)Ldev/iadev/checkpoint/TaskEntry;" line="225"><counter type="INSTRUCTION" missed="0" covered="21"/><counter type="LINE" missed="0" covered="1"/><counter type="COMPLEXITY" missed="0" covered="1"/><counter type="METHOD" missed="0" covered="1"/></method><method name="&lt;clinit&gt;" desc="()V" line="37"><counter type="INSTRUCTION" missed="0" covered="4"/><counter type="LINE" missed="0" covered="2"/><counter type="COMPLEXITY" missed="0" covered="1"/><counter type="METHOD" missed="0" covered="1"/></method><counter type="INSTRUCTION" missed="0" covered="286"/><counter type="BRANCH" missed="0" covered="6"/><counter type="LINE" missed="0" covered="27"/><counter type="COMPLEXITY" missed="0" covered="23"/><counter type="METHOD" missed="0" covered="20"/><counter type="CLASS" missed="0" covered="1"/></class><class name="dev/iadev/checkpoint/StoryStatus" sourcefilename="StoryStatus.java"><method name="&lt;clinit&gt;" desc="()V" line="16"><counter type="INSTRUCTION" missed="0" covered="39"/><counter type="LINE" missed="0" covered="7"/><counter type="COMPLEXITY" missed="0" covered="1"/><counter type="METHOD" missed="0" covered="1"/></method><counter type="INSTRUCTION" missed="0" covered="39"/><counter type="LINE" missed="0" covered="7"/><counter type="COMPLEXITY" missed="0" covered="1"/><counter type="METHOD" missed="0" covered="1"/><counter type="CLASS" missed="0" covered="1"/></class><class name="dev/iadev/checkpoint/IntegrityGateEntry" sourcefilename="IntegrityGateEntry.java"><method name="&lt;init&gt;" desc="(Ljava/lang/String;ZLjava/lang/String;Ljava/time/Instant;)V" line="16"><counter type="INSTRUCTION" missed="0" covered="15"/><counter type="LINE" missed="0" covered="1"/><counter type="COMPLEXITY" missed="0" covered="1"/><counter type="METHOD" missed="0" covered="1"/></method><method name="pass" desc="(Ljava/lang/String;)Ldev/iadev/checkpoint/IntegrityGateEntry;" line="30"><counter type="INSTRUCTION" missed="0" covered="8"/><counter type="LINE" missed="0" covered="2"/><counter type="COMPLEXITY" missed="0" covered="1"/><counter type="METHOD" missed="0" covered="1"/></method><method name="fail" desc="(Ljava/lang/String;Ljava/lang/String;)Ldev/iadev/checkpoint/IntegrityGateEntry;" line="44"><counter type="INSTRUCTION" missed="0" covered="8"/><counter type="LINE" missed="0" covered="2"/><counter type="COMPLEXITY" missed="0" covered="1"/><counter type="METHOD" missed="0" covered="1"/></method><counter type="INSTRUCTION" missed="0" covered="31"/><counter type="LINE" missed="0" covered="5"/><counter type="COMPLEXITY" missed="0" covered="3"/><counter type="METHOD" missed="0" covered="3"/><counter type="CLASS" missed="0" covered="1"/></class><class name="dev/iadev/checkpoint/StoryEntry" sourcefilename="StoryEntry.java"><method name="&lt;init&gt;" desc="(Ldev/iadev/checkpoint/StoryStatus;Ljava/lang/String;IJILjava/util/List;Ljava/lang/String;ILjava/util/Map;Ljava/lang/String;)V" line="47"><counter type="INSTRUCTION" missed="1" covered="46"/><counter type="BRANCH" missed="1" covered="3"/><counter type="LINE" missed="0" covered="5"/><counter type="COMPLEXITY" missed="1" covered="2"/><counter type="METHOD" missed="0" covered="1"/></method><method name="&lt;init&gt;" desc="(Ldev/iadev/checkpoint/StoryStatus;Ljava/lang/String;IJILjava/util/List;Ljava/lang/String;I)V" line="77"><counter type="INSTRUCTION" missed="0" covered="13"/><counter type="LINE" missed="0" covered="3"/><counter type="COMPLEXITY" missed="0" covered="1"/><counter type="METHOD" missed="0" covered="1"/></method><method name="pending" desc="(I)Ldev/iadev/checkpoint/StoryEntry;" line="89"><counter type="INSTRUCTION" missed="0" covered="14"/><counter type="LINE" missed="0" covered="2"/><counter type="COMPLEXITY" missed="0" covered="1"/><counter type="METHOD" missed="0" covered="1"/></method><method name="withStatus" desc="(Ldev/iadev/checkpoint/StoryStatus;)Ldev/iadev/checkpoint/StoryEntry;" line="102"><counter type="INSTRUCTION" missed="0" covered="23"/><counter type="LINE" missed="0" covered="1"/><counter type="COMPLEXITY" missed="0" covered="1"/><counter type="METHOD" missed="0" covered="1"/></method><method name="withCommitSha" desc="(Ljava/lang/String;)Ldev/iadev/checkpoint/StoryEntry;" line="116"><counter type="INSTRUCTION" missed="0" covered="23"/><counter type="LINE" missed="0" covered="1"/><counter type="COMPLEXITY" missed="0" covered="1"/><counter type="METHOD" missed="0" covered="1"/></method><method name="withRetries" desc="(I)Ldev/iadev/checkpoint/StoryEntry;" line="130"><counter type="INSTRUCTION" missed="0" covered="23"/><counter type="LINE" missed="0" covered="1"/><counter type="COMPLEXITY" missed="0" covered="1"/><counter type="METHOD" missed="0" covered="1"/></method><method name="withDuration" desc="(J)Ldev/iadev/checkpoint/StoryEntry;" line="144"><counter type="INSTRUCTION" missed="0" covered="23"/><counter type="LINE" missed="0" covered="1"/><counter type="COMPLEXITY" missed="0" covered="1"/><counter type="METHOD" missed="0" covered="1"/></method><method name="withBlockedBy" desc="(Ljava/util/List;)Ldev/iadev/checkpoint/StoryEntry;" line="158"><counter type="INSTRUCTION" missed="0" covered="23"/><counter type="LINE" missed="0" covered="1"/><counter type="COMPLEXITY" missed="0" covered="1"/><counter type="METHOD" missed="0" covered="1"/></method><method name="withSummary" desc="(Ljava/lang/String;)Ldev/iadev/checkpoint/StoryEntry;" line="172"><counter type="INSTRUCTION" missed="0" covered="23"/><counter type="LINE" missed="0" covered="1"/><counter type="COMPLEXITY" missed="0" covered="1"/><counter type="METHOD" missed="0" covered="1"/></method><method name="withFindingsCount" desc="(I)Ldev/iadev/checkpoint/StoryEntry;" line="186"><counter type="INSTRUCTION" missed="0" covered="23"/><counter type="LINE" missed="0" covered="1"/><counter type="COMPLEXITY" missed="0" covered="1"/><counter type="METHOD" missed="0" covered="1"/></method><method name="withTasks" desc="(Ljava/util/Map;)Ldev/iadev/checkpoint/StoryEntry;" line="200"><counter type="INSTRUCTION" missed="0" covered="23"/><counter type="LINE" missed="0" covered="1"/><counter type="COMPLEXITY" missed="0" covered="1"/><counter type="METHOD" missed="0" covered="1"/></method><method name="withTask" desc="(Ljava/lang/String;Ldev/iadev/checkpoint/TaskEntry;)Ldev/iadev/checkpoint/StoryEntry;" line="216"><counter type="INSTRUCTION" missed="34" covered="0"/><counter type="LINE" missed="3" covered="0"/><counter type="COMPLEXITY" missed="1" covered="0"/><counter type="METHOD" missed="1" covered="0"/></method><method name="withParentBranch" desc="(Ljava/lang/String;)Ldev/iadev/checkpoint/StoryEntry;" line="233"><counter type="INSTRUCTION" missed="23" covered="0"/><counter type="LINE" missed="1" covered="0"/><counter type="COMPLEXITY" missed="1" covered="0"/><counter type="METHOD" missed="1" covered="0"/></method><counter type="INSTRUCTION" missed="58" covered="257"/><counter type="BRANCH" missed="1" covered="3"/><counter type="LINE" missed="4" covered="18"/><counter type="COMPLEXITY" missed="3" covered="12"/><counter type="METHOD" missed="2" covered="11"/><counter type="CLASS" missed="0" covered="1"/></class><class name="dev/iadev/checkpoint/CheckpointEngine$StatusCounts" sourcefilename="CheckpointEngine.java"><method name="&lt;init&gt;" desc="(IIIJ)V" line="168"><counter type="INSTRUCTION" missed="0" covered="15"/><counter type="LINE" missed="0" covered="1"/><counter type="COMPLEXITY" missed="0" covered="1"/><counter type="METHOD" missed="0" covered="1"/></method><counter type="INSTRUCTION" missed="0" covered="15"/><counter type="LINE" missed="0" covered="1"/><counter type="COMPLEXITY" missed="0" covered="1"/><counter type="METHOD" missed="0" covered="1"/><counter type="CLASS" missed="0" covered="1"/></class><class name="dev/iadev/checkpoint/ResumeHandler" sourcefilename="ResumeHandler.java"><method name="prepareResume" desc="(Ldev/iadev/checkpoint/ExecutionState;)Ldev/iadev/checkpoint/ExecutionState;" line="50"><counter type="INSTRUCTION" missed="0" covered="4"/><counter type="LINE" missed="0" covered="1"/><counter type="COMPLEXITY" missed="0" covered="1"/><counter type="METHOD" missed="0" covered="1"/></method><method name="prepareResume" desc="(Ldev/iadev/checkpoint/ExecutionState;I)Ldev/iadev/checkpoint/ExecutionState;" line="66"><counter type="INSTRUCTION" missed="0" covered="15"/><counter type="LINE" missed="0" covered="5"/><counter type="COMPLEXITY" missed="0" covered="1"/><counter type="METHOD" missed="0" covered="1"/></method><method name="reclassifyStories" desc="(Ljava/util/Map;I)Ljava/util/Map;" line="83"><counter type="INSTRUCTION" missed="0" covered="36"/><counter type="BRANCH" missed="0" covered="2"/><counter type="LINE" missed="0" covered="8"/><counter type="COMPLEXITY" missed="0" covered="2"/><counter type="METHOD" missed="0" covered="1"/></method><method name="reclassifySingle" desc="(Ldev/iadev/checkpoint/StoryEntry;I)Ldev/iadev/checkpoint/StoryEntry;" line="96"><counter type="INSTRUCTION" missed="0" covered="26"/><counter type="BRANCH" missed="0" covered="6"/><counter type="LINE" missed="0" covered="7"/><counter type="COMPLEXITY" missed="0" covered="5"/><counter type="METHOD" missed="0" covered="1"/></method><method name="reclassifyTasks" desc="(Ldev/iadev/checkpoint/StoryEntry;)Ldev/iadev/checkpoint/StoryEntry;" line="121"><counter type="INSTRUCTION" missed="0" covered="39"/><counter type="BRANCH" missed="0" covered="4"/><counter type="LINE" missed="0" covered="10"/><counter type="COMPLEXITY" missed="0" covered="3"/><counter type="METHOD" missed="0" covered="1"/></method><method name="reclassifySingleTask" desc="(Ldev/iadev/checkpoint/TaskEntry;)Ldev/iadev/checkpoint/TaskEntry;" line="138"><counter type="INSTRUCTION" missed="0" covered="12"/><counter type="BRANCH" missed="0" covered="2"/><counter type="LINE" missed="0" covered="3"/><counter type="COMPLEXITY" missed="0" covered="2"/><counter type="METHOD" missed="0" covered="1"/></method><method name="reevaluateBlocked" desc="(Ljava/util/Map;)Ljava/util/Map;" line="153"><counter type="INSTRUCTION" missed="0" covered="51"/><counter type="BRANCH" missed="1" covered="9"/><counter type="LINE" missed="0" covered="15"/><counter type="COMPLEXITY" missed="1" covered="5"/><counter type="METHOD" missed="0" covered="1"/></method><method name="reevaluateBlockedTasks" desc="(Ljava/util/Map;)Ljava/util/Map;" line="186"><counter type="INSTRUCTION" missed="0" covered="5"/><counter type="LINE" missed="0" covered="1"/><counter type="COMPLEXITY" missed="0" covered="1"/><counter type="METHOD" missed="0" covered="1"/></method><method name="allDepsSucceeded" desc="(Ljava/util/List;Ljava/util/Map;)Z" line="192"><counter type="INSTRUCTION" missed="0" covered="6"/><counter type="LINE" missed="0" covered="1"/><counter type="COMPLEXITY" missed="0" covered="1"/><counter type="METHOD" missed="0" covered="1"/></method><method name="lambda$allDepsSucceeded$0" desc="(Ljava/util/Map;Ljava/lang/String;)Z" line="193"><counter type="INSTRUCTION" missed="0" covered="15"/><counter type="BRANCH" missed="1" covered="3"/><counter type="LINE" missed="0" covered="3"/><counter type="COMPLEXITY" missed="1" covered="2"/><counter type="METHOD" missed="0" covered="1"/></method><counter type="INSTRUCTION" missed="0" covered="209"/><counter type="BRANCH" missed="2" covered="26"/><counter type="LINE" missed="0" covered="54"/><counter type="COMPLEXITY" missed="2" covered="23"/><counter type="METHOD" missed="0" covered="10"/><counter type="CLASS" missed="0" covered="1"/></class><class name="dev/iadev/checkpoint/TaskStatus" sourcefilename="TaskStatus.java"><method name="canTransitionTo" desc="(Ldev/iadev/checkpoint/TaskStatus;)Z" line="71"><counter type="INSTRUCTION" missed="0" covered="15"/><counter type="BRANCH" missed="1" covered="3"/><counter type="LINE" missed="0" covered="2"/><counter type="COMPLEXITY" missed="1" covered="2"/><counter type="METHOD" missed="0" covered="1"/></method><method name="validateTransition" desc="(Ldev/iadev/checkpoint/TaskStatus;)V" line="82"><counter type="INSTRUCTION" missed="0" covered="21"/><counter type="BRANCH" missed="0" covered="2"/><counter type="LINE" missed="0" covered="4"/><counter type="COMPLEXITY" missed="0" covered="2"/><counter type="METHOD" missed="0" covered="1"/></method><method name="isTerminal" desc="()Z" line="96"><counter type="INSTRUCTION" missed="0" covered="10"/><counter type="BRANCH" missed="0" covered="4"/><counter type="LINE" missed="0" covered="1"/><counter type="COMPLEXITY" missed="0" covered="3"/><counter type="METHOD" missed="0" covered="1"/></method><method name="&lt;clinit&gt;" desc="()V" line="22"><counter type="INSTRUCTION" missed="0" covered="90"/><counter type="LINE" missed="0" covered="20"/><counter type="COMPLEXITY" missed="0" covered="1"/><counter type="METHOD" missed="0" covered="1"/></method><counter type="INSTRUCTION" missed="0" covered="136"/><counter type="BRANCH" missed="1" covered="9"/><counter type="LINE" missed="0" covered="27"/><counter type="COMPLEXITY" missed="1" covered="8"/><counter type="METHOD" missed="0" covered="4"/><counter type="CLASS" missed="0" covered="1"/></class><class name="dev/iadev/checkpoint/CheckpointEngine" sourcefilename="CheckpointEngine.java"><method name="&lt;init&gt;" desc="(Ldev/iadev/checkpoint/CheckpointPersistence;)V" line="29"><counter type="INSTRUCTION" missed="0" covered="6"/><counter type="LINE" missed="0" covered="3"/><counter type="COMPLEXITY" missed="0" covered="1"/><counter type="METHOD" missed="0" covered="1"/></method><method name="save" desc="(Ldev/iadev/checkpoint/ExecutionState;Ljava/nio/file/Path;)V" line="42"><counter type="INSTRUCTION" missed="0" covered="6"/><counter type="LINE" missed="0" covered="2"/><counter type="COMPLEXITY" missed="0" covered="1"/><counter type="METHOD" missed="0" covered="1"/></method><method name="load" desc="(Ljava/nio/file/Path;)Ldev/iadev/checkpoint/ExecutionState;" line="56"><counter type="INSTRUCTION" missed="0" covered="5"/><counter type="LINE" missed="0" covered="1"/><counter type="COMPLEXITY" missed="0" covered="1"/><counter type="METHOD" missed="0" covered="1"/></method><method name="updateStory" desc="(Ldev/iadev/checkpoint/ExecutionState;Ljava/lang/String;Ldev/iadev/checkpoint/StoryEntry;)Ldev/iadev/checkpoint/ExecutionState;" line="73"><counter type="INSTRUCTION" missed="0" covered="5"/><counter type="LINE" missed="0" covered="1"/><counter type="COMPLEXITY" missed="0" covered="1"/><counter type="METHOD" missed="0" covered="1"/></method><method name="updateMetrics" desc="(Ldev/iadev/checkpoint/ExecutionState;)Ldev/iadev/checkpoint/ExecutionState;" line="87"><counter type="INSTRUCTION" missed="0" covered="33"/><counter type="BRANCH" missed="0" covered="2"/><counter type="LINE" missed="0" covered="9"/><counter type="COMPLEXITY" missed="0" covered="2"/><counter type="METHOD" missed="0" covered="1"/></method><method name="countByStatus" desc="(Ljava/util/Map;)Ldev/iadev/checkpoint/CheckpointEngine$StatusCounts;" line="105"><counter type="INSTRUCTION" missed="0" covered="45"/><counter type="BRANCH" missed="0" covered="6"/><counter type="LINE" missed="0" covered="13"/><counter type="COMPLEXITY" missed="0" covered="5"/><counter type="METHOD" missed="0" covered="1"/></method><method name="collectDurations" desc="(Ljava/util/Map;)Ldev/iadev/checkpoint/CheckpointEngine$DurationMaps;" line="127"><counter type="INSTRUCTION" missed="0" covered="54"/><counter type="BRANCH" missed="0" covered="4"/><counter type="LINE" missed="0" covered="11"/><counter type="COMPLEXITY" missed="0" covered="3"/><counter type="METHOD" missed="0" covered="1"/></method><method name="buildMetrics" desc="(ILdev/iadev/checkpoint/CheckpointEngine$StatusCounts;Ldev/iadev/checkpoint/CheckpointEngine$DurationMaps;D)Ldev/iadev/checkpoint/ExecutionMetrics;" line="151"><counter type="INSTRUCTION" missed="0" covered="45"/><counter type="BRANCH" missed="0" covered="2"/><counter type="LINE" missed="0" covered="9"/><counter type="COMPLEXITY" missed="0" covered="2"/><counter type="METHOD" missed="0" covered="1"/></method><counter type="INSTRUCTION" missed="0" covered="199"/><counter type="BRANCH" missed="0" covered="14"/><counter type="LINE" missed="0" covered="49"/><counter type="COMPLEXITY" missed="0" covered="16"/><counter type="METHOD" missed="0" covered="8"/><counter type="CLASS" missed="0" covered="1"/></class><class name="dev/iadev/checkpoint/CheckpointValidation" sourcefilename="CheckpointValidation.java"><method name="validate" desc="(Ldev/iadev/checkpoint/ExecutionState;)Ljava/util/List;" line="27"><counter type="INSTRUCTION" missed="0" covered="18"/><counter type="BRANCH" missed="0" covered="2"/><counter type="LINE" missed="0" covered="6"/><counter type="COMPLEXITY" missed="0" covered="2"/><counter type="METHOD" missed="0" covered="1"/></method><method name="validateRequiredFields" desc="(Ldev/iadev/checkpoint/ExecutionState;Ljava/util/List;)V" line="39"><counter type="INSTRUCTION" missed="0" covered="37"/><counter type="BRANCH" missed="0" covered="12"/><counter type="LINE" missed="0" covered="11"/><counter type="COMPLEXITY" missed="0" covered="7"/><counter type="METHOD" missed="0" covered="1"/></method><method name="validateCollections" desc="(Ldev/iadev/checkpoint/ExecutionState;Ljava/util/List;)V" line="58"><counter type="INSTRUCTION" missed="0" covered="27"/><counter type="BRANCH" missed="0" covered="6"/><counter type="LINE" missed="0" covered="8"/><counter type="COMPLEXITY" missed="0" covered="4"/><counter type="METHOD" missed="0" covered="1"/></method><method name="validateStories" desc="(Ljava/util/Map;Ljava/util/List;)V" line="74"><counter type="INSTRUCTION" missed="0" covered="40"/><counter type="BRANCH" missed="0" covered="4"/><counter type="LINE" missed="0" covered="9"/><counter type="COMPLEXITY" missed="0" covered="3"/><counter type="METHOD" missed="0" covered="1"/></method><method name="validateTasks" desc="(Ljava/lang/String;Ljava/util/Map;Ljava/util/List;)V" line="91"><counter type="INSTRUCTION" missed="1" covered="28"/><counter type="BRANCH" missed="1" covered="3"/><counter type="LINE" missed="1" covered="7"/><counter type="COMPLEXITY" missed="1" covered="2"/><counter type="METHOD" missed="0" covered="1"/></method><method name="validateSingleTask" desc="(Ljava/lang/String;Ljava/lang/String;Ldev/iadev/checkpoint/TaskEntry;Ljava/util/List;)V" line="107"><counter type="INSTRUCTION" missed="63" covered="17"/><counter type="BRANCH" missed="5" covered="5"/><counter type="LINE" missed="9" covered="7"/><counter type="COMPLEXITY" missed="5" covered="1"/><counter type="METHOD" missed="0" covered="1"/></method><counter type="INSTRUCTION" missed="64" covered="167"/><counter type="BRANCH" missed="6" covered="32"/><counter type="LINE" missed="10" covered="48"/><counter type="COMPLEXITY" missed="6" covered="19"/><counter type="METHOD" missed="0" covered="6"/><counter type="CLASS" missed="0" covered="1"/></class><class name="dev/iadev/checkpoint/ExecutionMode" sourcefilename="ExecutionMode.java"><method name="&lt;clinit&gt;" desc="()V" line="12"><counter type="INSTRUCTION" missed="0" covered="21"/><counter type="LINE" missed="0" covered="4"/><counter type="COMPLEXITY" missed="0" covered="1"/><counter type="METHOD" missed="0" covered="1"/></method><counter type="INSTRUCTION" missed="0" covered="21"/><counter type="LINE" missed="0" covered="4"/><counter type="COMPLEXITY" missed="0" covered="1"/><counter type="METHOD" missed="0" covered="1"/><counter type="CLASS" missed="0" covered="1"/></class><class name="dev/iadev/checkpoint/ExecutionState" sourcefilename="ExecutionState.java"><method name="&lt;init&gt;" desc="(Ljava/lang/String;Ljava/lang/String;Ljava/lang/String;Ljava/time/Instant;ILdev/iadev/checkpoint/ExecutionMode;Ljava/util/Map;Ljava/util/Map;Ldev/iadev/checkpoint/ExecutionMetrics;)V" line="51"><counter type="INSTRUCTION" missed="0" covered="36"/><counter type="BRANCH" missed="0" covered="2"/><counter type="LINE" missed="0" covered="3"/><counter type="COMPLEXITY" missed="0" covered="2"/><counter type="METHOD" missed="0" covered="1"/></method><method name="&lt;init&gt;" desc="(Ljava/lang/String;Ljava/lang/String;Ljava/time/Instant;ILdev/iadev/checkpoint/ExecutionMode;Ljava/util/Map;Ljava/util/Map;Ldev/iadev/checkpoint/ExecutionMetrics;)V" line="70"><counter type="INSTRUCTION" missed="0" covered="12"/><counter type="LINE" missed="0" covered="2"/><counter type="COMPLEXITY" missed="0" covered="1"/><counter type="METHOD" missed="0" covered="1"/></method><method name="withStory" desc="(Ljava/lang/String;Ldev/iadev/checkpoint/StoryEntry;)Ldev/iadev/checkpoint/ExecutionState;" line="84"><counter type="INSTRUCTION" missed="0" covered="33"/><counter type="LINE" missed="0" covered="4"/><counter type="COMPLEXITY" missed="0" covered="1"/><counter type="METHOD" missed="0" covered="1"/></method><method name="withMetrics" desc="(Ldev/iadev/checkpoint/ExecutionMetrics;)Ldev/iadev/checkpoint/ExecutionState;" line="103"><counter type="INSTRUCTION" missed="0" covered="21"/><counter type="LINE" missed="0" covered="1"/><counter type="COMPLEXITY" missed="0" covered="1"/><counter type="METHOD" missed="0" covered="1"/></method><method name="withStories" desc="(Ljava/util/Map;)Ldev/iadev/checkpoint/ExecutionState;" line="118"><counter type="INSTRUCTION" missed="0" covered="22"/><counter type="LINE" missed="0" covered="2"/><counter type="COMPLEXITY" missed="0" covered="1"/><counter type="METHOD" missed="0" covered="1"/></method><method name="withIntegrityGate" desc="(Ljava/lang/String;Ldev/iadev/checkpoint/IntegrityGateEntry;)Ldev/iadev/checkpoint/ExecutionState;" line="135"><counter type="INSTRUCTION" missed="0" covered="33"/><counter type="LINE" missed="0" covered="4"/><counter type="COMPLEXITY" missed="0" covered="1"/><counter type="METHOD" missed="0" covered="1"/></method><method name="withCurrentPhase" desc="(I)Ldev/iadev/checkpoint/ExecutionState;" line="152"><counter type="INSTRUCTION" missed="0" covered="21"/><counter type="LINE" missed="0" covered="1"/><counter type="COMPLEXITY" missed="0" covered="1"/><counter type="METHOD" missed="0" covered="1"/></method><method name="withVersion" desc="(Ljava/lang/String;)Ldev/iadev/checkpoint/ExecutionState;" line="166"><counter type="INSTRUCTION" missed="21" covered="0"/><counter type="LINE" missed="1" covered="0"/><counter type="COMPLEXITY" missed="1" covered="0"/><counter type="METHOD" missed="1" covered="0"/></method><counter type="INSTRUCTION" missed="21" covered="178"/><counter type="BRANCH" missed="0" covered="2"/><counter type="LINE" missed="1" covered="17"/><counter type="COMPLEXITY" missed="1" covered="8"/><counter type="METHOD" missed="1" covered="7"/><counter type="CLASS" missed="0" covered="1"/></class><sourcefile name="TaskStatus.java"><line nr="22" mi="0" ci="2" mb="0" cb="0"/><line nr="25" mi="0" ci="6" mb="0" cb="0"/><line nr="28" mi="0" ci="6" mb="0" cb="0"/><line nr="31" mi="0" ci="6" mb="0" cb="0"/><line nr="34" mi="0" ci="6" mb="0" cb="0"/><line nr="37" mi="0" ci="6" mb="0" cb="0"/><line nr="40" mi="0" ci="6" mb="0" cb="0"/><line nr="43" mi="0" ci="6" mb="0" cb="0"/><line nr="46" mi="0" ci="6" mb="0" cb="0"/><line nr="49" mi="0" ci="6" mb="0" cb="0"/><line nr="52" mi="0" ci="7" mb="0" cb="0"/><line nr="53" mi="0" ci="5" mb="0" cb="0"/><line nr="54" mi="0" ci="4" mb="0" cb="0"/><line nr="55" mi="0" ci="4" mb="0" cb="0"/><line nr="56" mi="0" ci="3" mb="0" cb="0"/><line nr="57" mi="0" ci="3" mb="0" cb="0"/><line nr="58" mi="0" ci="3" mb="0" cb="0"/><line nr="59" mi="0" ci="2" mb="0" cb="0"/><line nr="60" mi="0" ci="2" mb="0" cb="0"/><line nr="61" mi="0" ci="1" mb="0" cb="0"/><line nr="71" mi="0" ci="5" mb="0" cb="0"/><line nr="72" mi="0" ci="10" mb="1" cb="3"/><line nr="82" mi="0" ci="4" mb="0" cb="2"/><line nr="83" mi="0" ci="13" mb="0" cb="0"/><line nr="85" mi="0" ci="3" mb="0" cb="0"/><line nr="88" mi="0" ci="1" mb="0" cb="0"/><line nr="96" mi="0" ci="10" mb="0" cb="4"/><counter type="INSTRUCTION" missed="0" covered="136"/><counter type="BRANCH" missed="1" covered="9"/><counter type="LINE" missed="0" covered="27"/><counter type="COMPLEXITY" missed="1" covered="8"/><counter type="METHOD" missed="0" covered="4"/><counter type="CLASS" missed="0" covered="1"/></sourcefile><sourcefile name="IntegrityGateEntry.java"><line nr="16" mi="0" ci="15" mb="0" cb="0"/><line nr="30" mi="0" ci="6" mb="0" cb="0"/><line nr="31" mi="0" ci="2" mb="0" cb="0"/><line nr="44" mi="0" ci="6" mb="0" cb="0"/><line nr="45" mi="0" ci="2" mb="0" cb="0"/><counter type="INSTRUCTION" missed="0" covered="31"/><counter type="LINE" missed="0" covered="5"/><counter type="COMPLEXITY" missed="0" covered="3"/><counter type="METHOD" missed="0" covered="3"/><counter type="CLASS" missed="0" covered="1"/></sourcefile><sourcefile name="StoryEntry.java"><line nr="47" mi="0" ci="32" mb="0" cb="0"/><line nr="48" mi="0" ci="7" mb="0" cb="2"/><line nr="49" mi="0" ci="2" mb="1" cb="1"/><line nr="50" mi="1" ci="4" mb="0" cb="0"/><line nr="51" mi="0" ci="1" mb="0" cb="0"/><line nr="77" mi="0" ci="10" mb="0" cb="0"/><line nr="79" mi="0" ci="2" mb="0" cb="0"/><line nr="80" mi="0" ci="1" mb="0" cb="0"/><line nr="89" mi="0" ci="8" mb="0" cb="0"/><line nr="91" mi="0" ci="6" mb="0" cb="0"/><line nr="102" mi="0" ci="23" mb="0" cb="0"/><line nr="116" mi="0" ci="23" mb="0" cb="0"/><line nr="130" mi="0" ci="23" mb="0" cb="0"/><line nr="144" mi="0" ci="23" mb="0" cb="0"/><line nr="158" mi="0" ci="23" mb="0" cb="0"/><line nr="172" mi="0" ci="23" mb="0" cb="0"/><line nr="186" mi="0" ci="23" mb="0" cb="0"/><line nr="200" mi="0" ci="23" mb="0" cb="0"/><line nr="216" mi="6" ci="0" mb="0" cb="0"/><line nr="218" mi="5" ci="0" mb="0" cb="0"/><line nr="219" mi="23" ci="0" mb="0" cb="0"/><line nr="233" mi="23" ci="0" mb="0" cb="0"/><counter type="INSTRUCTION" missed="58" covered="257"/><counter type="BRANCH" missed="1" covered="3"/><counter type="LINE" missed="4" covered="18"/><counter type="COMPLEXITY" missed="3" covered="12"/><counter type="METHOD" missed="2" covered="11"/><counter type="CLASS" missed="0" covered="1"/></sourcefile><sourcefile name="ExecutionMetrics.java"><line nr="21" mi="0" ci="30" mb="0" cb="0"/><line nr="40" mi="0" ci="10" mb="0" cb="0"/><line nr="42" mi="0" ci="3" mb="0" cb="0"/><counter type="INSTRUCTION" missed="0" covered="43"/><counter type="LINE" missed="0" covered="3"/><counter type="COMPLEXITY" missed="0" covered="2"/><counter type="METHOD" missed="0" covered="2"/><counter type="CLASS" missed="0" covered="1"/></sourcefile><sourcefile name="JacksonCheckpointPersistence.java"><line nr="38" mi="0" ci="2" mb="0" cb="0"/><line nr="39" mi="0" ci="3" mb="0" cb="0"/><line nr="40" mi="0" ci="1" mb="0" cb="0"/><line nr="43" mi="0" ci="4" mb="0" cb="0"/><line nr="44" mi="0" ci="6" mb="0" cb="0"/><line nr="45" mi="0" ci="4" mb="0" cb="0"/><line nr="46" mi="0" ci="4" mb="0" cb="0"/><line nr="49" mi="0" ci="4" mb="0" cb="0"/><line nr="52" mi="0" ci="2" mb="0" cb="0"/><line nr="58" mi="0" ci="5" mb="0" cb="0"/><line nr="59" mi="0" ci="4" mb="0" cb="0"/><line nr="60" mi="0" ci="3" mb="0" cb="0"/><line nr="62" mi="0" ci="7" mb="0" cb="0"/><line nr="65" mi="0" ci="14" mb="0" cb="0"/><line nr="70" mi="1" ci="0" mb="0" cb="0"/><line nr="71" mi="4" ci="0" mb="0" cb="0"/><line nr="73" mi="4" ci="0" mb="0" cb="0"/><line nr="75" mi="0" ci="1" mb="0" cb="0"/><line nr="76" mi="0" ci="1" mb="0" cb="0"/><line nr="81" mi="0" ci="4" mb="0" cb="0"/><line nr="84" mi="0" ci="7" mb="0" cb="0"/><line nr="87" mi="0" ci="3" mb="0" cb="0"/><line nr="88" mi="0" ci="3" mb="0" cb="2"/><line nr="89" mi="0" ci="9" mb="0" cb="0"/><line nr="92" mi="0" ci="4" mb="0" cb="0"/><line nr="93" mi="0" ci="2" mb="0" cb="0"/><line nr="97" mi="0" ci="2" mb="0" cb="0"/><line nr="98" mi="0" ci="1" mb="0" cb="0"/><line nr="99" mi="0" ci="4" mb="0" cb="0"/><line nr="101" mi="0" ci="4" mb="0" cb="0"/><counter type="INSTRUCTION" missed="9" covered="108"/><counter type="BRANCH" missed="0" covered="2"/><counter type="LINE" missed="3" covered="27"/><counter type="COMPLEXITY" missed="0" covered="5"/><counter type="METHOD" missed="0" covered="4"/><counter type="CLASS" missed="0" covered="1"/></sourcefile><sourcefile name="ResumeHandler.java"><line nr="50" mi="0" ci="4" mb="0" cb="0"/><line nr="66" mi="0" ci="3" mb="0" cb="0"/><line nr="67" mi="0" ci="2" mb="0" cb="0"/><line nr="69" mi="0" ci="3" mb="0" cb="0"/><line nr="70" mi="0" ci="4" mb="0" cb="0"/><line nr="71" mi="0" ci="3" mb="0" cb="0"/><line nr="83" mi="0" ci="4" mb="0" cb="0"/><line nr="84" mi="0" ci="11" mb="0" cb="2"/><line nr="85" mi="0" ci="4" mb="0" cb="0"/><line nr="86" mi="0" ci="3" mb="0" cb="0"/><line nr="87" mi="0" ci="4" mb="0" cb="0"/><line nr="89" mi="0" ci="7" mb="0" cb="0"/><line nr="90" mi="0" ci="1" mb="0" cb="0"/><line nr="91" mi="0" ci="2" mb="0" cb="0"/><line nr="96" mi="0" ci="7" mb="0" cb="4"/><line nr="98" mi="0" ci="4" mb="0" cb="0"/><line nr="100" mi="0" ci="4" mb="0" cb="0"/><line nr="101" mi="0" ci="4" mb="0" cb="2"/><line nr="102" mi="0" ci="4" mb="0" cb="0"/><line nr="103" mi="0" ci="2" mb="0" cb="0"/><line nr="104" mi="0" ci="1" mb="0" cb="0"/><line nr="121" mi="0" ci="4" mb="0" cb="2"/><line nr="122" mi="0" ci="2" mb="0" cb="0"/><line nr="124" mi="0" ci="4" mb="0" cb="0"/><line nr="126" mi="0" ci="12" mb="0" cb="2"/><line nr="127" mi="0" ci="4" mb="0" cb="0"/><line nr="128" mi="0" ci="4" mb="0" cb="0"/><line nr="129" mi="0" ci="3" mb="0" cb="0"/><line nr="130" mi="0" ci="1" mb="0" cb="0"/><line nr="132" mi="0" ci="1" mb="0" cb="0"/><line nr="133" mi="0" ci="4" mb="0" cb="0"/><line nr="138" mi="0" ci="7" mb="0" cb="2"/><line nr="140" mi="0" ci="4" mb="0" cb="0"/><line nr="141" mi="0" ci="1" mb="0" cb="0"/><line nr="153" mi="0" ci="5" mb="0" cb="0"/><line nr="154" mi="0" ci="11" mb="0" cb="2"/><line nr="155" mi="0" ci="4" mb="0" cb="0"/><line nr="156" mi="0" ci="4" mb="0" cb="2"/><line nr="157" mi="0" ci="1" mb="0" cb="0"/><line nr="159" mi="0" ci="4" mb="1" cb="1"/><line nr="160" mi="0" ci="3" mb="0" cb="2"/><line nr="161" mi="0" ci="1" mb="0" cb="0"/><line nr="163" mi="0" ci="3" mb="0" cb="2"/><line nr="164" mi="0" ci="2" mb="0" cb="0"/><line nr="165" mi="0" ci="4" mb="0" cb="0"/><line nr="166" mi="0" ci="4" mb="0" cb="0"/><line nr="167" mi="0" ci="1" mb="0" cb="0"/><line nr="170" mi="0" ci="1" mb="0" cb="0"/><line nr="171" mi="0" ci="3" mb="0" cb="0"/><line nr="186" mi="0" ci="5" mb="0" cb="0"/><line nr="192" mi="0" ci="6" mb="0" cb="0"/><line nr="193" mi="0" ci="5" mb="0" cb="0"/><line nr="194" mi="0" ci="4" mb="1" cb="1"/><line nr="195" mi="0" ci="6" mb="0" cb="2"/><counter type="INSTRUCTION" missed="0" covered="209"/><counter type="BRANCH" missed="2" covered="26"/><counter type="LINE" missed="0" covered="54"/><counter type="COMPLEXITY" missed="2" covered="23"/><counter type="METHOD" missed="0" covered="10"/><counter type="CLASS" missed="0" covered="1"/></sourcefile><sourcefile name="CheckpointEngine.java"><line nr="29" mi="0" ci="2" mb="0" cb="0"/><line nr="30" mi="0" ci="3" mb="0" cb="0"/><line nr="31" mi="0" ci="1" mb="0" cb="0"/><line nr="42" mi="0" ci="5" mb="0" cb="0"/><line nr="43" mi="0" ci="1" mb="0" cb="0"/><line nr="56" mi="0" ci="5" mb="0" cb="0"/><line nr="73" mi="0" ci="5" mb="0" cb="0"/><line nr="87" mi="0" ci="3" mb="0" cb="0"/><line nr="88" mi="0" ci="3" mb="0" cb="0"/><line nr="89" mi="0" ci="3" mb="0" cb="0"/><line nr="91" mi="0" ci="3" mb="0" cb="2"/><line nr="93" mi="0" ci="8" mb="0" cb="0"/><line nr="94" mi="0" ci="2" mb="0" cb="0"/><line nr="96" mi="0" ci="3" mb="0" cb="0"/><line nr="97" mi="0" ci="4" mb="0" cb="0"/><line nr="100" mi="0" ci="4" mb="0" cb="0"/><line nr="105" mi="0" ci="2" mb="0" cb="0"/><line nr="106" mi="0" ci="2" mb="0" cb="0"/><line nr="107" mi="0" ci="2" mb="0" cb="0"/><line nr="108" mi="0" ci="2" mb="0" cb="0"/><line nr="110" mi="0" ci="11" mb="0" cb="2"/><line nr="111" mi="0" ci="6" mb="0" cb="4"/><line nr="113" mi="0" ci="1" mb="0" cb="0"/><line nr="114" mi="0" ci="5" mb="0" cb="0"/><line nr="115" mi="0" ci="1" mb="0" cb="0"/><line nr="116" mi="0" ci="2" mb="0" cb="0"/><line nr="117" mi="0" ci="2" mb="0" cb="0"/><line nr="120" mi="0" ci="1" mb="0" cb="0"/><line nr="121" mi="0" ci="8" mb="0" cb="0"/><line nr="127" mi="0" ci="4" mb="0" cb="0"/><line nr="129" mi="0" ci="4" mb="0" cb="0"/><line nr="132" mi="0" ci="11" mb="0" cb="2"/><line nr="133" mi="0" ci="4" mb="0" cb="0"/><line nr="134" mi="0" ci="5" mb="0" cb="2"/><line nr="135" mi="0" ci="4" mb="0" cb="0"/><line nr="136" mi="0" ci="5" mb="0" cb="0"/><line nr="138" mi="0" ci="4" mb="0" cb="0"/><line nr="139" mi="0" ci="6" mb="0" cb="0"/><line nr="141" mi="0" ci="1" mb="0" cb="0"/><line nr="142" mi="0" ci="6" mb="0" cb="0"/><line nr="151" mi="0" ci="5" mb="0" cb="0"/><line nr="152" mi="0" ci="3" mb="0" cb="2"/><line nr="154" mi="0" ci="7" mb="0" cb="0"/><line nr="155" mi="0" ci="2" mb="0" cb="0"/><line nr="157" mi="0" ci="3" mb="0" cb="0"/><line nr="158" mi="0" ci="5" mb="0" cb="0"/><line nr="160" mi="0" ci="15" mb="0" cb="0"/><line nr="164" mi="0" ci="3" mb="0" cb="0"/><line nr="165" mi="0" ci="2" mb="0" cb="0"/><line nr="168" mi="0" ci="15" mb="0" cb="0"/><line nr="173" mi="0" ci="9" mb="0" cb="0"/><counter type="INSTRUCTION" missed="0" covered="223"/><counter type="BRANCH" missed="0" covered="14"/><counter type="LINE" missed="0" covered="51"/><counter type="COMPLEXITY" missed="0" covered="18"/><counter type="METHOD" missed="0" covered="10"/><counter type="CLASS" missed="0" covered="3"/></sourcefile><sourcefile name="TaskEntry.java"><line nr="25" mi="0" ci="30" mb="0" cb="0"/><line nr="37" mi="0" ci="2" mb="0" cb="0"/><line nr="38" mi="0" ci="2" mb="0" cb="0"/><line nr="47" mi="0" ci="13" mb="0" cb="0"/><line nr="61" mi="0" ci="5" mb="0" cb="2"/><line nr="62" mi="0" ci="6" mb="0" cb="2"/><line nr="72" mi="0" ci="3" mb="0" cb="2"/><line nr="73" mi="0" ci="9" mb="0" cb="0"/><line nr="75" mi="0" ci="3" mb="0" cb="0"/><line nr="78" mi="0" ci="1" mb="0" cb="0"/><line nr="88" mi="0" ci="2" mb="0" cb="0"/><line nr="89" mi="0" ci="4" mb="0" cb="0"/><line nr="90" mi="0" ci="14" mb="0" cb="0"/><line nr="99" mi="0" ci="4" mb="0" cb="0"/><line nr="104" mi="0" ci="4" mb="0" cb="0"/><line nr="109" mi="0" ci="4" mb="0" cb="0"/><line nr="114" mi="0" ci="4" mb="0" cb="0"/><line nr="119" mi="0" ci="4" mb="0" cb="0"/><line nr="124" mi="0" ci="4" mb="0" cb="0"/><line nr="134" mi="0" ci="21" mb="0" cb="0"/><line nr="147" mi="0" ci="21" mb="0" cb="0"/><line nr="160" mi="0" ci="21" mb="0" cb="0"/><line nr="173" mi="0" ci="21" mb="0" cb="0"/><line nr="186" mi="0" ci="21" mb="0" cb="0"/><line nr="199" mi="0" ci="21" mb="0" cb="0"/><line nr="212" mi="0" ci="21" mb="0" cb="0"/><line nr="225" mi="0" ci="21" mb="0" cb="0"/><counter type="INSTRUCTION" missed="0" covered="286"/><counter type="BRANCH" missed="0" covered="6"/><counter type="LINE" missed="0" covered="27"/><counter type="COMPLEXITY" missed="0" covered="23"/><counter type="METHOD" missed="0" covered="20"/><counter type="CLASS" missed="0" covered="1"/></sourcefile><sourcefile name="CheckpointPersistence.java"/><sourcefile name="ExecutionState.java"><line nr="51" mi="0" ci="29" mb="0" cb="0"/><line nr="52" mi="0" ci="6" mb="0" cb="2"/><line nr="53" mi="0" ci="1" mb="0" cb="0"/><line nr="70" mi="0" ci="11" mb="0" cb="0"/><line nr="73" mi="0" ci="1" mb="0" cb="0"/><line nr="84" mi="0" ci="6" mb="0" cb="0"/><line nr="86" mi="0" ci="5" mb="0" cb="0"/><line nr="87" mi="0" ci="16" mb="0" cb="0"/><line nr="90" mi="0" ci="6" mb="0" cb="0"/><line nr="103" mi="0" ci="21" mb="0" cb="0"/><line nr="118" mi="0" ci="16" mb="0" cb="0"/><line nr="121" mi="0" ci="6" mb="0" cb="0"/><line nr="135" mi="0" ci="6" mb="0" cb="0"/><line nr="137" mi="0" ci="5" mb="0" cb="0"/><line nr="138" mi="0" ci="18" mb="0" cb="0"/><line nr="141" mi="0" ci="4" mb="0" cb="0"/><line nr="152" mi="0" ci="21" mb="0" cb="0"/><line nr="166" mi="21" ci="0" mb="0" cb="0"/><counter type="INSTRUCTION" missed="21" covered="178"/><counter type="BRANCH" missed="0" covered="2"/><counter type="LINE" missed="1" covered="17"/><counter type="COMPLEXITY" missed="1" covered="8"/><counter type="METHOD" missed="1" covered="7"/><counter type="CLASS" missed="0" covered="1"/></sourcefile><sourcefile name="StoryStatus.java"><line nr="16" mi="0" ci="3" mb="0" cb="0"/><line nr="19" mi="0" ci="6" mb="0" cb="0"/><line nr="22" mi="0" ci="6" mb="0" cb="0"/><line nr="25" mi="0" ci="6" mb="0" cb="0"/><line nr="28" mi="0" ci="6" mb="0" cb="0"/><line nr="31" mi="0" ci="6" mb="0" cb="0"/><line nr="34" mi="0" ci="6" mb="0" cb="0"/><counter type="INSTRUCTION" missed="0" covered="39"/><counter type="LINE" missed="0" covered="7"/><counter type="COMPLEXITY" missed="0" covered="1"/><counter type="METHOD" missed="0" covered="1"/><counter type="CLASS" missed="0" covered="1"/></sourcefile><sourcefile name="CheckpointValidation.java"><line nr="27" mi="0" ci="2" mb="0" cb="2"/><line nr="28" mi="0" ci="3" mb="0" cb="0"/><line nr="30" mi="0" ci="4" mb="0" cb="0"/><line nr="31" mi="0" ci="3" mb="0" cb="0"/><line nr="32" mi="0" ci="3" mb="0" cb="0"/><line nr="33" mi="0" ci="3" mb="0" cb="0"/><line nr="39" mi="0" ci="4" mb="0" cb="2"/><line nr="40" mi="0" ci="3" mb="0" cb="2"/><line nr="41" mi="0" ci="4" mb="0" cb="0"/><line nr="43" mi="0" ci="4" mb="0" cb="2"/><line nr="44" mi="0" ci="3" mb="0" cb="2"/><line nr="45" mi="0" ci="4" mb="0" cb="0"/><line nr="47" mi="0" ci="3" mb="0" cb="2"/><line nr="48" mi="0" ci="4" mb="0" cb="0"/><line nr="50" mi="0" ci="3" mb="0" cb="2"/><line nr="51" mi="0" ci="4" mb="0" cb="0"/><line nr="53" mi="0" ci="1" mb="0" cb="0"/><line nr="58" mi="0" ci="3" mb="0" cb="2"/><line nr="59" mi="0" ci="5" mb="0" cb="0"/><line nr="61" mi="0" ci="4" mb="0" cb="0"/><line nr="63" mi="0" ci="3" mb="0" cb="2"/><line nr="64" mi="0" ci="4" mb="0" cb="0"/><line nr="66" mi="0" ci="3" mb="0" cb="2"/><line nr="67" mi="0" ci="4" mb="0" cb="0"/><line nr="69" mi="0" ci="1" mb="0" cb="0"/><line nr="74" mi="0" ci="11" mb="0" cb="2"/><line nr="75" mi="0" ci="4" mb="0" cb="0"/><line nr="76" mi="0" ci="4" mb="0" cb="0"/><line nr="77" mi="0" ci="3" mb="0" cb="2"/><line nr="78" mi="0" ci="10" mb="0" cb="0"/><line nr="80" mi="0" ci="1" mb="0" cb="0"/><line nr="83" mi="0" ci="5" mb="0" cb="0"/><line nr="84" mi="0" ci="1" mb="0" cb="0"/><line nr="85" mi="0" ci="1" mb="0" cb="0"/><line nr="91" mi="0" ci="2" mb="1" cb="1"/><line nr="92" mi="1" ci="0" mb="0" cb="0"/><line nr="94" mi="0" ci="11" mb="0" cb="2"/><line nr="95" mi="0" ci="4" mb="0" cb="0"/><line nr="96" mi="0" ci="4" mb="0" cb="0"/><line nr="97" mi="0" ci="5" mb="0" cb="0"/><line nr="99" mi="0" ci="1" mb="0" cb="0"/><line nr="100" mi="0" ci="1" mb="0" cb="0"/><line nr="107" mi="0" ci="2" mb="1" cb="1"/><line nr="108" mi="14" ci="0" mb="0" cb="0"/><line nr="110" mi="1" ci="0" mb="0" cb="0"/><line nr="112" mi="1" ci="0" mb="0" cb="0"/><line nr="114" mi="0" ci="3" mb="1" cb="1"/><line nr="115" mi="14" ci="0" mb="0" cb="0"/><line nr="117" mi="1" ci="0" mb="0" cb="0"/><line nr="120" mi="0" ci="4" mb="1" cb="1"/><line nr="121" mi="0" ci="3" mb="1" cb="1"/><line nr="122" mi="15" ci="0" mb="0" cb="0"/><line nr="124" mi="1" ci="0" mb="0" cb="0"/><line nr="126" mi="0" ci="3" mb="1" cb="1"/><line nr="127" mi="0" ci="1" mb="0" cb="0"/><line nr="128" mi="14" ci="0" mb="0" cb="0"/><line nr="131" mi="2" ci="0" mb="0" cb="0"/><line nr="134" mi="0" ci="1" mb="0" cb="0"/><counter type="INSTRUCTION" missed="64" covered="167"/><counter type="BRANCH" missed="6" covered="32"/><counter type="LINE" missed="10" covered="48"/><counter type="COMPLEXITY" missed="6" covered="19"/><counter type="METHOD" missed="0" covered="6"/><counter type="CLASS" missed="0" covered="1"/></sourcefile><sourcefile name="ExecutionMode.java"><line nr="12" mi="0" ci="3" mb="0" cb="0"/><line nr="15" mi="0" ci="6" mb="0" cb="0"/><line nr="18" mi="0" ci="6" mb="0" cb="0"/><line nr="21" mi="0" ci="6" mb="0" cb="0"/><counter type="INSTRUCTION" missed="0" covered="21"/><counter type="LINE" missed="0" covered="4"/><counter type="COMPLEXITY" missed="0" covered="1"/><counter type="METHOD" missed="0" covered="1"/><counter type="CLASS" missed="0" covered="1"/></sourcefile><counter type="INSTRUCTION" missed="152" covered="1698"/><counter type="BRANCH" missed="10" covered="94"/><counter type="LINE" missed="18" covered="288"/><counter type="COMPLEXITY" missed="13" covered="123"/><counter type="METHOD" missed="3" covered="79"/><counter type="CLASS" missed="0" covered="14"/></package><package name="dev/iadev/infrastructure/adapter/output/progress"><class name="dev/iadev/infrastructure/adapter/output/progress/SilentProgressReporter" sourcefilename="SilentProgressReporter.java"><method name="&lt;init&gt;" desc="()V" line="14"><counter type="INSTRUCTION" missed="0" covered="3"/><counter type="LINE" missed="0" covered="1"/><counter type="COMPLEXITY" missed="0" covered="1"/><counter type="METHOD" missed="0" covered="1"/></method><method name="reportStart" desc="(Ljava/lang/String;I)V" line="21"><counter type="INSTRUCTION" missed="0" covered="1"/><counter type="LINE" missed="0" covered="1"/><counter type="COMPLEXITY" missed="0" covered="1"/><counter type="METHOD" missed="0" covered="1"/></method><method name="reportProgress" desc="(Ljava/lang/String;ILjava/lang/String;)V" line="29"><counter type="INSTRUCTION" missed="0" covered="1"/><counter type="LINE" missed="0" covered="1"/><counter type="COMPLEXITY" missed="0" covered="1"/><counter type="METHOD" missed="0" covered="1"/></method><method name="reportComplete" desc="(Ljava/lang/String;)V" line="34"><counter type="INSTRUCTION" missed="0" covered="1"/><counter type="LINE" missed="0" covered="1"/><counter type="COMPLEXITY" missed="0" covered="1"/><counter type="METHOD" missed="0" covered="1"/></method><method name="reportError" desc="(Ljava/lang/String;Ljava/lang/String;)V" line="40"><counter type="INSTRUCTION" missed="0" covered="1"/><counter type="LINE" missed="0" covered="1"/><counter type="COMPLEXITY" missed="0" covered="1"/><counter type="METHOD" missed="0" covered="1"/></method><counter type="INSTRUCTION" missed="0" covered="7"/><counter type="LINE" missed="0" covered="5"/><counter type="COMPLEXITY" missed="0" covered="5"/><counter type="METHOD" missed="0" covered="5"/><counter type="CLASS" missed="0" covered="1"/></class><class name="dev/iadev/infrastructure/adapter/output/progress/ConsoleProgressReporter" sourcefilename="ConsoleProgressReporter.java"><method name="&lt;init&gt;" desc="()V" line="20"><counter type="INSTRUCTION" missed="0" covered="3"/><counter type="LINE" missed="0" covered="1"/><counter type="COMPLEXITY" missed="0" covered="1"/><counter type="METHOD" missed="0" covered="1"/></method><method name="reportStart" desc="(Ljava/lang/String;I)V" line="26"><counter type="INSTRUCTION" missed="0" covered="16"/><counter type="LINE" missed="0" covered="3"/><counter type="COMPLEXITY" missed="0" covered="1"/><counter type="METHOD" missed="0" covered="1"/></method><method name="reportProgress" desc="(Ljava/lang/String;ILjava/lang/String;)V" line="36"><counter type="INSTRUCTION" missed="0" covered="20"/><counter type="LINE" missed="0" covered="3"/><counter type="COMPLEXITY" missed="0" covered="1"/><counter type="METHOD" missed="0" covered="1"/></method><method name="reportComplete" desc="(Ljava/lang/String;)V" line="43"><counter type="INSTRUCTION" missed="0" covered="11"/><counter type="LINE" missed="0" covered="2"/><counter type="COMPLEXITY" missed="0" covered="1"/><counter type="METHOD" missed="0" covered="1"/></method><method name="reportError" desc="(Ljava/lang/String;Ljava/lang/String;)V" line="49"><counter type="INSTRUCTION" missed="0" covered="15"/><counter type="LINE" missed="0" covered="2"/><counter type="COMPLEXITY" missed="0" covered="1"/><counter type="METHOD" missed="0" covered="1"/></method><counter type="INSTRUCTION" missed="0" covered="65"/><counter type="LINE" missed="0" covered="11"/><counter type="COMPLEXITY" missed="0" covered="5"/><counter type="METHOD" missed="0" covered="5"/><counter type="CLASS" missed="0" covered="1"/></class><sourcefile name="ConsoleProgressReporter.java"><line nr="20" mi="0" ci="3" mb="0" cb="0"/><line nr="26" mi="0" ci="13" mb="0" cb="0"/><line nr="28" mi="0" ci="2" mb="0" cb="0"/><line nr="29" mi="0" ci="1" mb="0" cb="0"/><line nr="36" mi="0" ci="9" mb="0" cb="0"/><line nr="38" mi="0" ci="10" mb="0" cb="0"/><line nr="39" mi="0" ci="1" mb="0" cb="0"/><line nr="43" mi="0" ci="10" mb="0" cb="0"/><line nr="44" mi="0" ci="1" mb="0" cb="0"/><line nr="49" mi="0" ci="14" mb="0" cb="0"/><line nr="52" mi="0" ci="1" mb="0" cb="0"/><counter type="INSTRUCTION" missed="0" covered="65"/><counter type="LINE" missed="0" covered="11"/><counter type="COMPLEXITY" missed="0" covered="5"/><counter type="METHOD" missed="0" covered="5"/><counter type="CLASS" missed="0" covered="1"/></sourcefile><sourcefile name="SilentProgressReporter.java"><line nr="14" mi="0" ci="3" mb="0" cb="0"/><line nr="21" mi="0" ci="1" mb="0" cb="0"/><line nr="29" mi="0" ci="1" mb="0" cb="0"/><line nr="34" mi="0" ci="1" mb="0" cb="0"/><line nr="40" mi="0" ci="1" mb="0" cb="0"/><counter type="INSTRUCTION" missed="0" covered="7"/><counter type="LINE" missed="0" covered="5"/><counter type="COMPLEXITY" missed="0" covered="5"/><counter type="METHOD" missed="0" covered="5"/><counter type="CLASS" missed="0" covered="1"/></sourcefile><counter type="INSTRUCTION" missed="0" covered="72"/><counter type="LINE" missed="0" covered="16"/><counter type="COMPLEXITY" missed="0" covered="10"/><counter type="METHOD" missed="0" covered="10"/><counter type="CLASS" missed="0" covered="2"/></package><package name="dev/iadev/application/assembler"><class name="dev/iadev/application/assembler/DocsAssembler" sourcefilename="DocsAssembler.java"><method name="&lt;init&gt;" desc="()V" line="54"><counter type="INSTRUCTION" missed="0" covered="4"/><counter type="LINE" missed="0" covered="2"/><counter type="COMPLEXITY" missed="0" covered="1"/><counter type="METHOD" missed="0" covered="1"/></method><method name="&lt;init&gt;" desc="(Ljava/nio/file/Path;)V" line="63"><counter type="INSTRUCTION" missed="0" covered="6"/><counter type="LINE" missed="0" covered="3"/><counter type="COMPLEXITY" missed="0" covered="1"/><counter type="METHOD" missed="0" covered="1"/></method><method name="assemble" desc="(Ldev/iadev/domain/model/ProjectConfig;Ldev/iadev/template/TemplateEngine;Ljava/nio/file/Path;)Ljava/util/List;" line="79"><counter type="INSTRUCTION" missed="0" covered="37"/><counter type="BRANCH" missed="0" covered="2"/><counter type="LINE" missed="0" covered="14"/><counter type="COMPLEXITY" missed="0" covered="2"/><counter type="METHOD" missed="0" covered="1"/></method><method name="resolveClasspathResources" desc="()Ljava/nio/file/Path;" line="98"><counter type="INSTRUCTION" missed="0" covered="4"/><counter type="LINE" missed="0" covered="2"/><counter type="COMPLEXITY" missed="0" covered="1"/><counter type="METHOD" missed="0" covered="1"/></method><counter type="INSTRUCTION" missed="0" covered="51"/><counter type="BRANCH" missed="0" covered="2"/><counter type="LINE" missed="0" covered="21"/><counter type="COMPLEXITY" missed="0" covered="5"/><counter type="METHOD" missed="0" covered="4"/><counter type="CLASS" missed="0" covered="1"/></class><class name="dev/iadev/application/assembler/RulesInfraConditionals" sourcefilename="RulesInfraConditionals.java"><method name="assembleCloudKnowledge" desc="(Ldev/iadev/domain/model/ProjectConfig;Ljava/nio/file/Path;Ljava/nio/file/Path;)Ljava/util/List;" line="40"><counter type="INSTRUCTION" missed="0" covered="52"/><counter type="BRANCH" missed="2" covered="8"/><counter type="LINE" missed="0" covered="17"/><counter type="COMPLEXITY" missed="2" covered="4"/><counter type="METHOD" missed="0" covered="1"/></method><method name="assembleInfraKnowledge" desc="(Ldev/iadev/domain/model/ProjectConfig;Ljava/nio/file/Path;Ljava/nio/file/Path;)Ljava/util/List;" line="76"><counter type="INSTRUCTION" missed="0" covered="37"/><counter type="LINE" missed="0" covered="11"/><counter type="COMPLEXITY" missed="0" covered="1"/><counter type="METHOD" missed="0" covered="1"/></method><method name="copyK8sFiles" desc="(Ldev/iadev/domain/model/ProjectConfig;Ljava/nio/file/Path;Ljava/nio/file/Path;)Ljava/util/List;" line="92"><counter type="INSTRUCTION" missed="0" covered="33"/><counter type="BRANCH" missed="1" covered="5"/><counter type="LINE" missed="0" covered="10"/><counter type="COMPLEXITY" missed="1" covered="3"/><counter type="METHOD" missed="0" covered="1"/></method><method name="copyContainerFiles" desc="(Ldev/iadev/domain/model/ProjectConfig;Ljava/nio/file/Path;Ljava/nio/file/Path;)Ljava/util/List;" line="111"><counter type="INSTRUCTION" missed="0" covered="88"/><counter type="BRANCH" missed="1" covered="7"/><counter type="LINE" missed="0" covered="13"/><counter type="COMPLEXITY" missed="1" covered="4"/><counter type="METHOD" missed="0" covered="1"/></method><method name="copyIacFiles" desc="(Ldev/iadev/domain/model/ProjectConfig;Ljava/nio/file/Path;Ljava/nio/file/Path;)Ljava/util/List;" line="139"><counter type="INSTRUCTION" missed="0" covered="42"/><counter type="BRANCH" missed="2" covered="8"/><counter type="LINE" missed="0" covered="11"/><counter type="COMPLEXITY" missed="2" covered="4"/><counter type="METHOD" missed="0" covered="1"/></method><counter type="INSTRUCTION" missed="0" covered="252"/><counter type="BRANCH" missed="6" covered="28"/><counter type="LINE" missed="0" covered="62"/><counter type="COMPLEXITY" missed="6" covered="16"/><counter type="METHOD" missed="0" covered="5"/><counter type="CLASS" missed="0" covered="1"/></class><class name="dev/iadev/application/assembler/RunbookAssembler" sourcefilename="RunbookAssembler.java"><method name="&lt;init&gt;" desc="()V" line="53"><counter type="INSTRUCTION" missed="0" covered="4"/><counter type="LINE" missed="0" covered="2"/><counter type="COMPLEXITY" missed="0" covered="1"/><counter type="METHOD" missed="0" covered="1"/></method><method name="&lt;init&gt;" desc="(Ljava/nio/file/Path;)V" line="62"><counter type="INSTRUCTION" missed="0" covered="6"/><counter type="LINE" missed="0" covered="3"/><counter type="COMPLEXITY" missed="0" covered="1"/><counter type="METHOD" missed="0" covered="1"/></method><method name="assemble" desc="(Ldev/iadev/domain/model/ProjectConfig;Ldev/iadev/template/TemplateEngine;Ljava/nio/file/Path;)Ljava/util/List;" line="78"><counter type="INSTRUCTION" missed="0" covered="37"/><counter type="BRANCH" missed="0" covered="2"/><counter type="LINE" missed="0" covered="14"/><counter type="COMPLEXITY" missed="0" covered="2"/><counter type="METHOD" missed="0" covered="1"/></method><method name="resolveClasspathResources" desc="()Ljava/nio/file/Path;" line="97"><counter type="INSTRUCTION" missed="0" covered="4"/><counter type="LINE" missed="0" covered="2"/><counter type="COMPLEXITY" missed="0" covered="1"/><counter type="METHOD" missed="0" covered="1"/></method><counter type="INSTRUCTION" missed="0" covered="51"/><counter type="BRANCH" missed="0" covered="2"/><counter type="LINE" missed="0" covered="21"/><counter type="COMPLEXITY" missed="0" covered="5"/><counter type="METHOD" missed="0" covered="4"/><counter type="CLASS" missed="0" covered="1"/></class><class name="dev/iadev/application/assembler/PlatformFilter" sourcefilename="PlatformFilter.java"><method name="filter" desc="(Ljava/util/List;Ljava/util/Set;)Ljava/util/List;" line="57"><counter type="INSTRUCTION" missed="0" covered="15"/><counter type="BRANCH" missed="0" covered="2"/><counter type="LINE" missed="0" covered="7"/><counter type="COMPLEXITY" missed="0" covered="2"/><counter type="METHOD" missed="0" covered="1"/></method><method name="shouldSkipFilter" desc="(Ljava/util/Set;)Z" line="70"><counter type="INSTRUCTION" missed="0" covered="11"/><counter type="BRANCH" missed="0" covered="4"/><counter type="LINE" missed="0" covered="3"/><counter type="COMPLEXITY" missed="0" covered="3"/><counter type="METHOD" missed="0" covered="1"/></method><method name="buildEffectiveSet" desc="(Ljava/util/Set;)Ljava/util/Set;" line="77"><counter type="INSTRUCTION" missed="0" covered="10"/><counter type="LINE" missed="0" covered="4"/><counter type="COMPLEXITY" missed="0" covered="1"/><counter type="METHOD" missed="0" covered="1"/></method><method name="hasIntersection" desc="(Ljava/util/Set;Ljava/util/Set;)Z" line="86"><counter type="INSTRUCTION" missed="0" covered="8"/><counter type="BRANCH" missed="0" covered="2"/><counter type="LINE" missed="0" covered="1"/><counter type="COMPLEXITY" missed="0" covered="2"/><counter type="METHOD" missed="0" covered="1"/></method><method name="lambda$filter$0" desc="(Ljava/util/Set;Ldev/iadev/application/assembler/AssemblerDescriptor;)Z" line="63"><counter type="INSTRUCTION" missed="0" covered="5"/><counter type="LINE" missed="0" covered="2"/><counter type="COMPLEXITY" missed="0" covered="1"/><counter type="METHOD" missed="0" covered="1"/></method><counter type="INSTRUCTION" missed="0" covered="49"/><counter type="BRANCH" missed="0" covered="8"/><counter type="LINE" missed="0" covered="16"/><counter type="COMPLEXITY" missed="0" covered="9"/><counter type="METHOD" missed="0" covered="5"/><counter type="CLASS" missed="0" covered="1"/></class><class name="dev/iadev/application/assembler/AssemblerDescriptor" sourcefilename="AssemblerDescriptor.java"><method name="&lt;init&gt;" desc="(Ljava/lang/String;Ldev/iadev/application/assembler/AssemblerTarget;Ljava/util/Set;Ldev/iadev/application/assembler/Assembler;)V" line="37"><counter type="INSTRUCTION" missed="5" covered="23"/><counter type="BRANCH" missed="2" covered="2"/><counter type="LINE" missed="1" covered="4"/><counter type="COMPLEXITY" missed="2" covered="1"/><counter type="METHOD" missed="0" covered="1"/></method><counter type="INSTRUCTION" missed="5" covered="23"/><counter type="BRANCH" missed="2" covered="2"/><counter type="LINE" missed="1" covered="4"/><counter type="COMPLEXITY" missed="2" covered="1"/><counter type="METHOD" missed="0" covered="1"/><counter type="CLASS" missed="0" covered="1"/></class><class name="dev/iadev/application/assembler/SkillsCopyHelper" sourcefilename="SkillsCopyHelper.java"><method name="copyKnowledgePack" desc="(Ljava/lang/String;Ljava/nio/file/Path;Ljava/nio/file/Path;Ldev/iadev/template/TemplateEngine;Ljava/util/Map;)Ljava/util/Optional;" line="60"><counter type="INSTRUCTION" missed="0" covered="52"/><counter type="BRANCH" missed="1" covered="5"/><counter type="LINE" missed="0" covered="13"/><counter type="COMPLEXITY" missed="1" covered="3"/><counter type="METHOD" missed="0" covered="1"/></method><method name="copyStackPatterns" desc="(Ldev/iadev/domain/model/ProjectConfig;Ljava/nio/file/Path;Ljava/nio/file/Path;Ldev/iadev/template/TemplateEngine;Ljava/util/Map;)Ljava/util/Optional;" line="102"><counter type="INSTRUCTION" missed="0" covered="44"/><counter type="BRANCH" missed="1" covered="5"/><counter type="LINE" missed="0" covered="12"/><counter type="COMPLEXITY" missed="1" covered="3"/><counter type="METHOD" missed="0" covered="1"/></method><method name="copyInfraPatterns" desc="(Ldev/iadev/domain/model/ProjectConfig;Ljava/nio/file/Path;Ljava/nio/file/Path;Ldev/iadev/template/TemplateEngine;Ljava/util/Map;)Ljava/util/List;" line="140"><counter type="INSTRUCTION" missed="1" covered="60"/><counter type="BRANCH" missed="1" covered="7"/><counter type="LINE" missed="1" covered="17"/><counter type="COMPLEXITY" missed="1" covered="4"/><counter type="METHOD" missed="0" covered="1"/></method><method name="copyNonSkillItems" desc="(Ljava/nio/file/Path;Ljava/nio/file/Path;)V" line="174"><counter type="INSTRUCTION" missed="0" covered="66"/><counter type="BRANCH" missed="2" covered="12"/><counter type="LINE" missed="0" covered="16"/><counter type="COMPLEXITY" missed="2" covered="6"/><counter type="METHOD" missed="0" covered="1"/></method><method name="mergeDirectory" desc="(Ljava/nio/file/Path;Ljava/nio/file/Path;)V" line="198"><counter type="INSTRUCTION" missed="14" covered="33"/><counter type="BRANCH" missed="3" covered="5"/><counter type="LINE" missed="3" covered="8"/><counter type="COMPLEXITY" missed="2" covered="3"/><counter type="METHOD" missed="0" covered="1"/></method><method name="listDirsSorted" desc="(Ljava/nio/file/Path;)Ljava/util/List;" line="221"><counter type="INSTRUCTION" missed="9" covered="11"/><counter type="LINE" missed="2" covered="5"/><counter type="COMPLEXITY" missed="0" covered="1"/><counter type="METHOD" missed="0" covered="1"/></method><method name="listEntriesSorted" desc="(Ljava/nio/file/Path;)Ljava/util/List;" line="239"><counter type="INSTRUCTION" missed="9" covered="9"/><counter type="LINE" missed="2" covered="4"/><counter type="COMPLEXITY" missed="0" covered="1"/><counter type="METHOD" missed="0" covered="1"/></method><method name="lambda$listDirsSorted$0" desc="(Ljava/nio/file/Path;)Z" line="223"><counter type="INSTRUCTION" missed="0" covered="5"/><counter type="LINE" missed="0" covered="1"/><counter type="COMPLEXITY" missed="0" covered="1"/><counter type="METHOD" missed="0" covered="1"/></method><counter type="INSTRUCTION" missed="33" covered="280"/><counter type="BRANCH" missed="8" covered="34"/><counter type="LINE" missed="8" covered="75"/><counter type="COMPLEXITY" missed="7" covered="22"/><counter type="METHOD" missed="0" covered="8"/><counter type="CLASS" missed="0" covered="1"/></class><class name="dev/iadev/application/assembler/HookConfigBuilder" sourcefilename="HookConfigBuilder.java"><method name="&lt;init&gt;" desc="()V" line="20"><counter type="INSTRUCTION" missed="3" covered="0"/><counter type="LINE" missed="2" covered="0"/><counter type="COMPLEXITY" missed="1" covered="0"/><counter type="METHOD" missed="1" covered="0"/></method><method name="appendHooksSection" desc="(Ljava/lang/StringBuilder;)V" line="34"><counter type="INSTRUCTION" missed="0" covered="118"/><counter type="LINE" missed="0" covered="30"/><counter type="COMPLEXITY" missed="0" covered="1"/><counter type="METHOD" missed="0" covered="1"/></method><counter type="INSTRUCTION" missed="3" covered="118"/><counter type="LINE" missed="2" covered="30"/><counter type="COMPLEXITY" missed="1" covered="1"/><counter type="METHOD" missed="1" covered="1"/><counter type="CLASS" missed="0" covered="1"/></class><class name="dev/iadev/application/assembler/Assembler" sourcefilename="Assembler.java"><method name="assembleWithResult" desc="(Ldev/iadev/domain/model/ProjectConfig;Ldev/iadev/template/TemplateEngine;Ljava/nio/file/Path;)Ldev/iadev/application/assembler/AssemblerResult;" line="71"><counter type="INSTRUCTION" missed="0" covered="10"/><counter type="LINE" missed="0" covered="3"/><counter type="COMPLEXITY" missed="0" covered="1"/><counter type="METHOD" missed="0" covered="1"/></method><counter type="INSTRUCTION" missed="0" covered="10"/><counter type="LINE" missed="0" covered="3"/><counter type="COMPLEXITY" missed="0" covered="1"/><counter type="METHOD" missed="0" covered="1"/><counter type="CLASS" missed="0" covered="1"/></class><class name="dev/iadev/application/assembler/PatternsAssembler$PatternFile" sourcefilename="PatternsAssembler.java"><method name="&lt;init&gt;" desc="(Ljava/lang/String;Ljava/nio/file/Path;)V" line="239"><counter type="INSTRUCTION" missed="0" covered="9"/><counter type="LINE" missed="0" covered="1"/><counter type="COMPLEXITY" missed="0" covered="1"/><counter type="METHOD" missed="0" covered="1"/></method><counter type="INSTRUCTION" missed="0" covered="9"/><counter type="LINE" missed="0" covered="1"/><counter type="COMPLEXITY" missed="0" covered="1"/><counter type="METHOD" missed="0" covered="1"/><counter type="CLASS" missed="0" covered="1"/></class><class name="dev/iadev/application/assembler/PlanTemplateDefinitions" sourcefilename="PlanTemplateDefinitions.java"><method name="buildTemplateSections" desc="()Ljava/util/Map;" line="45"><counter type="INSTRUCTION" missed="0" covered="237"/><counter type="LINE" missed="0" covered="32"/><counter type="COMPLEXITY" missed="0" covered="1"/><counter type="METHOD" missed="0" covered="1"/></method><method name="&lt;clinit&gt;" desc="()V" line="37"><counter type="INSTRUCTION" missed="0" covered="3"/><counter type="LINE" missed="0" covered="1"/><counter type="COMPLEXITY" missed="0" covered="1"/><counter type="METHOD" missed="0" covered="1"/></method><counter type="INSTRUCTION" missed="0" covered="240"/><counter type="LINE" missed="0" covered="33"/><counter type="COMPLEXITY" missed="0" covered="2"/><counter type="METHOD" missed="0" covered="2"/><counter type="CLASS" missed="0" covered="1"/></class><class name="dev/iadev/application/assembler/PlanTemplatesAssembler" sourcefilename="PlanTemplatesAssembler.java"><method name="&lt;init&gt;" desc="()V" line="61"><counter type="INSTRUCTION" missed="0" covered="4"/><counter type="LINE" missed="0" covered="2"/><counter type="COMPLEXITY" missed="0" covered="1"/><counter type="METHOD" missed="0" covered="1"/></method><method name="&lt;init&gt;" desc="(Ljava/nio/file/Path;)V" line="70"><counter type="INSTRUCTION" missed="0" covered="6"/><counter type="LINE" missed="0" covered="3"/><counter type="COMPLEXITY" missed="0" covered="1"/><counter type="METHOD" missed="0" covered="1"/></method><method name="assemble" desc="(Ldev/iadev/domain/model/ProjectConfig;Ldev/iadev/template/TemplateEngine;Ljava/nio/file/Path;)Ljava/util/List;" line="86"><counter type="INSTRUCTION" missed="0" covered="7"/><counter type="LINE" missed="0" covered="2"/><counter type="COMPLEXITY" missed="0" covered="1"/><counter type="METHOD" missed="0" covered="1"/></method><method name="assembleWithResult" desc="(Ldev/iadev/domain/model/ProjectConfig;Ldev/iadev/template/TemplateEngine;Ljava/nio/file/Path;)Ldev/iadev/application/assembler/AssemblerResult;" line="101"><counter type="INSTRUCTION" missed="0" covered="47"/><counter type="BRANCH" missed="0" covered="4"/><counter type="LINE" missed="0" covered="12"/><counter type="COMPLEXITY" missed="0" covered="3"/><counter type="METHOD" missed="0" covered="1"/></method><method name="processTemplate" desc="(Ljava/lang/String;Ljava/util/List;Ljava/nio/file/Path;Ljava/util/List;Ljava/util/List;)V" line="129"><counter type="INSTRUCTION" missed="0" covered="38"/><counter type="BRANCH" missed="0" covered="4"/><counter type="LINE" missed="0" covered="13"/><counter type="COMPLEXITY" missed="0" covered="3"/><counter type="METHOD" missed="0" covered="1"/></method><method name="copyToClaudeTemplates" desc="(Ljava/lang/String;Ljava/lang/String;Ljava/nio/file/Path;Ljava/util/List;)V" line="159"><counter type="INSTRUCTION" missed="0" covered="19"/><counter type="LINE" missed="0" covered="6"/><counter type="COMPLEXITY" missed="0" covered="1"/><counter type="METHOD" missed="0" covered="1"/></method><method name="resolveClasspathResources" desc="()Ljava/nio/file/Path;" line="167"><counter type="INSTRUCTION" missed="0" covered="4"/><counter type="LINE" missed="0" covered="2"/><counter type="COMPLEXITY" missed="0" covered="1"/><counter type="METHOD" missed="0" covered="1"/></method><method name="&lt;clinit&gt;" desc="()V" line="51"><counter type="INSTRUCTION" missed="0" covered="3"/><counter type="LINE" missed="0" covered="1"/><counter type="COMPLEXITY" missed="0" covered="1"/><counter type="METHOD" missed="0" covered="1"/></method><counter type="INSTRUCTION" missed="0" covered="128"/><counter type="BRANCH" missed="0" covered="8"/><counter type="LINE" missed="0" covered="41"/><counter type="COMPLEXITY" missed="0" covered="12"/><counter type="METHOD" missed="0" covered="8"/><counter type="CLASS" missed="0" covered="1"/></class><class name="dev/iadev/application/assembler/RulesConditionals" sourcefilename="RulesConditionals.java"><method name="buildDbCategoryMap" desc="()Ljava/util/Map;" line="26"><counter type="INSTRUCTION" missed="0" covered="136"/><counter type="BRANCH" missed="0" covered="14"/><counter type="LINE" missed="0" covered="23"/><counter type="COMPLEXITY" missed="0" covered="8"/><counter type="METHOD" missed="0" covered="1"/></method><method name="copyDatabaseRefs" desc="(Ldev/iadev/application/assembler/ConditionalCopyContext;)Ljava/util/List;" line="63"><counter type="INSTRUCTION" missed="0" covered="49"/><counter type="BRANCH" missed="0" covered="2"/><counter type="LINE" missed="0" covered="14"/><counter type="COMPLEXITY" missed="0" covered="2"/><counter type="METHOD" missed="0" covered="1"/></method><method name="copyCacheRefs" desc="(Ldev/iadev/domain/model/ProjectConfig;Ljava/nio/file/Path;Ljava/nio/file/Path;)Ljava/util/List;" line="86"><counter type="INSTRUCTION" missed="0" covered="50"/><counter type="BRANCH" missed="0" covered="4"/><counter type="LINE" missed="0" covered="15"/><counter type="COMPLEXITY" missed="0" covered="3"/><counter type="METHOD" missed="0" covered="1"/></method><method name="assembleSecurityRules" desc="(Ldev/iadev/domain/model/ProjectConfig;Ljava/nio/file/Path;Ljava/nio/file/Path;)Ljava/util/List;" line="112"><counter type="INSTRUCTION" missed="0" covered="30"/><counter type="BRANCH" missed="0" covered="2"/><counter type="LINE" missed="0" covered="9"/><counter type="COMPLEXITY" missed="0" covered="2"/><counter type="METHOD" missed="0" covered="1"/></method><method name="assembleCloudKnowledge" desc="(Ldev/iadev/domain/model/ProjectConfig;Ljava/nio/file/Path;Ljava/nio/file/Path;)Ljava/util/List;" line="127"><counter type="INSTRUCTION" missed="0" covered="5"/><counter type="LINE" missed="0" covered="1"/><counter type="COMPLEXITY" missed="0" covered="1"/><counter type="METHOD" missed="0" covered="1"/></method><method name="assembleInfraKnowledge" desc="(Ldev/iadev/domain/model/ProjectConfig;Ljava/nio/file/Path;Ljava/nio/file/Path;)Ljava/util/List;" line="134"><counter type="INSTRUCTION" missed="0" covered="5"/><counter type="LINE" missed="0" covered="1"/><counter type="COMPLEXITY" missed="0" covered="1"/><counter type="METHOD" missed="0" covered="1"/></method><method name="copyDbVersionMatrix" desc="(Ljava/nio/file/Path;Ljava/nio/file/Path;)Ljava/util/List;" line="140"><counter type="INSTRUCTION" missed="0" covered="25"/><counter type="BRANCH" missed="1" covered="3"/><counter type="LINE" missed="0" covered="7"/><counter type="COMPLEXITY" missed="1" covered="2"/><counter type="METHOD" missed="0" covered="1"/></method><method name="copyDbTypeFiles" desc="(Ljava/lang/String;Ljava/nio/file/Path;Ljava/nio/file/Path;)Ljava/util/List;" line="153"><counter type="INSTRUCTION" missed="0" covered="15"/><counter type="BRANCH" missed="0" covered="2"/><counter type="LINE" missed="0" covered="4"/><counter type="COMPLEXITY" missed="0" covered="2"/><counter type="METHOD" missed="0" covered="1"/></method><method name="copyCategoryFiles" desc="(Ljava/lang/String;Ljava/lang/String;Ljava/nio/file/Path;Ljava/nio/file/Path;)Ljava/util/List;" line="164"><counter type="INSTRUCTION" missed="0" covered="25"/><counter type="LINE" missed="0" covered="6"/><counter type="COMPLEXITY" missed="0" covered="1"/><counter type="METHOD" missed="0" covered="1"/></method><method name="copyMdDir" desc="(Ljava/nio/file/Path;Ljava/nio/file/Path;)Ljava/util/List;" line="176"><counter type="INSTRUCTION" missed="10" covered="56"/><counter type="BRANCH" missed="2" covered="6"/><counter type="LINE" missed="3" covered="18"/><counter type="COMPLEXITY" missed="2" covered="3"/><counter type="METHOD" missed="0" covered="1"/></method><method name="copySecurityBase" desc="(Ljava/nio/file/Path;Ljava/nio/file/Path;)Ljava/util/List;" line="206"><counter type="INSTRUCTION" missed="0" covered="49"/><counter type="BRANCH" missed="1" covered="5"/><counter type="LINE" missed="0" covered="13"/><counter type="COMPLEXITY" missed="1" covered="3"/><counter type="METHOD" missed="0" covered="1"/></method><method name="copyCompliance" desc="(Ldev/iadev/domain/model/ProjectConfig;Ljava/nio/file/Path;Ljava/nio/file/Path;)Ljava/util/List;" line="228"><counter type="INSTRUCTION" missed="1" covered="59"/><counter type="BRANCH" missed="2" covered="8"/><counter type="LINE" missed="1" covered="14"/><counter type="COMPLEXITY" missed="2" covered="4"/><counter type="METHOD" missed="0" covered="1"/></method><method name="lambda$copyMdDir$0" desc="(Ljava/nio/file/Path;)Z" line="183"><counter type="INSTRUCTION" missed="0" covered="5"/><counter type="LINE" missed="0" covered="1"/><counter type="COMPLEXITY" missed="0" covered="1"/><counter type="METHOD" missed="0" covered="1"/></method><method name="&lt;clinit&gt;" desc="()V" line="22"><counter type="INSTRUCTION" missed="0" covered="3"/><counter type="LINE" missed="0" covered="1"/><counter type="COMPLEXITY" missed="0" covered="1"/><counter type="METHOD" missed="0" covered="1"/></method><counter type="INSTRUCTION" missed="11" covered="512"/><counter type="BRANCH" missed="6" covered="46"/><counter type="LINE" missed="4" covered="126"/><counter type="COMPLEXITY" missed="6" covered="34"/><counter type="METHOD" missed="0" covered="14"/><counter type="CLASS" missed="0" covered="1"/></class><class name="dev/iadev/application/assembler/GrpcDocsAssembler" sourcefilename="GrpcDocsAssembler.java"><method name="&lt;init&gt;" desc="()V" line="57"><counter type="INSTRUCTION" missed="0" covered="4"/><counter type="LINE" missed="0" covered="2"/><counter type="COMPLEXITY" missed="0" covered="1"/><counter type="METHOD" missed="0" covered="1"/></method><method nam
[...]
line="108"><counter type="INSTRUCTION" missed="0" covered="7"/><counter type="LINE" missed="0" covered="2"/><counter type="COMPLEXITY" missed="0" covered="1"/><counter type="METHOD" missed="0" covered="1"/></method><method name="lambda$findResource$0" desc="(Ljava/lang/String;)Ljava/util/Optional;" line="106"><counter type="INSTRUCTION" missed="0" covered="4"/><counter type="LINE" missed="0" covered="1"/><counter type="COMPLEXITY" missed="0" covered="1"/><counter type="METHOD" missed="0" covered="1"/></method><counter type="INSTRUCTION" missed="17" covered="194"/><counter type="BRANCH" missed="1" covered="21"/><counter type="LINE" missed="8" covered="54"/><counter type="COMPLEXITY" missed="1" covered="27"/><counter type="METHOD" missed="0" covered="17"/><counter type="CLASS" missed="0" covered="1"/></class><class name="dev/iadev/util/OverwriteDetector" sourcefilename="OverwriteDetector.java"><method name="checkExistingArtifacts" desc="(Ljava/nio/file/Path;)Ljava/util/List;" line="59"><counter type="INSTRUCTION" missed="0" covered="45"/><counter type="BRANCH" missed="0" covered="6"/><counter type="LINE" missed="0" covered="9"/><counter type="COMPLEXITY" missed="0" covered="4"/><counter type="METHOD" missed="0" covered="1"/></method><method name="formatConflictMessage" desc="(Ljava/util/List;)Ljava/lang/String;" line="85"><counter type="INSTRUCTION" missed="0" covered="47"/><counter type="BRANCH" missed="0" covered="4"/><counter type="LINE" missed="0" covered="12"/><counter type="COMPLEXITY" missed="0" covered="3"/><counter type="METHOD" missed="0" covered="1"/></method><method name="&lt;clinit&gt;" desc="()V" line="37"><counter type="INSTRUCTION" missed="0" covered="10"/><counter type="LINE" missed="0" covered="1"/><counter type="COMPLEXITY" missed="0" covered="1"/><counter type="METHOD" missed="0" covered="1"/></method><counter type="INSTRUCTION" missed="0" covered="102"/><counter type="BRANCH" missed="0" covered="10"/><counter type="LINE" missed="0" covered="22"/><counter type="COMPLEXITY" missed="0" covered="8"/><counter type="METHOD" missed="0" covered="3"/><counter type="CLASS" missed="0" covered="1"/></class><class name="dev/iadev/util/JarResourceExtractor$JarCopyVisitor" sourcefilename="JarResourceExtractor.java"><method name="&lt;init&gt;" desc="(Ljava/nio/file/Path;Ljava/nio/file/Path;)V" line="72"><counter type="INSTRUCTION" missed="0" covered="9"/><counter type="LINE" missed="0" covered="4"/><counter type="COMPLEXITY" missed="0" covered="1"/><counter type="METHOD" missed="0" covered="1"/></method><method name="preVisitDirectory" desc="(Ljava/nio/file/Path;Ljava/nio/file/attribute/BasicFileAttributes;)Ljava/nio/file/FileVisitResult;" line="82"><counter type="INSTRUCTION" missed="0" covered="21"/><counter type="BRANCH" missed="0" covered="2"/><counter type="LINE" missed="0" covered="6"/><counter type="COMPLEXITY" missed="0" covered="2"/><counter type="METHOD" missed="0" covered="1"/></method><method name="visitFile" desc="(Ljava/nio/file/Path;Ljava/nio/file/attribute/BasicFileAttributes;)Ljava/nio/file/FileVisitResult;" line="96"><counter type="INSTRUCTION" missed="0" covered="44"/><counter type="BRANCH" missed="1" covered="3"/><counter type="LINE" missed="0" covered="11"/><counter type="COMPLEXITY" missed="1" covered="2"/><counter type="METHOD" missed="0" covered="1"/></method><counter type="INSTRUCTION" missed="0" covered="74"/><counter type="BRANCH" missed="1" covered="5"/><counter type="LINE" missed="0" covered="21"/><counter type="COMPLEXITY" missed="1" covered="5"/><counter type="METHOD" missed="0" covered="3"/><counter type="CLASS" missed="0" covered="1"/></class><class name="dev/iadev/util/JarResourceExtractor" sourcefilename="JarResourceExtractor.java"><method name="extractJarResources" desc="(Ljava/net/URL;)Ljava/nio/file/Path;" line="43"><counter type="INSTRUCTION" missed="7" covered="40"/><counter type="LINE" missed="2" covered="12"/><counter type="COMPLEXITY" missed="0" covered="1"/><counter type="METHOD" missed="0" covered="1"/></method><counter type="INSTRUCTION" missed="7" covered="40"/><counter type="LINE" missed="2" covered="12"/><counter type="COMPLEXITY" missed="0" covered="1"/><counter type="METHOD" missed="0" covered="1"/><counter type="CLASS" missed="0" covered="1"/></class><class name="dev/iadev/util/JsonHelpers" sourcefilename="JsonHelpers.java"><method name="indent" desc="(I)Ljava/lang/String;" line="29"><counter type="INSTRUCTION" missed="0" covered="19"/><counter type="BRANCH" missed="0" covered="2"/><counter type="LINE" missed="0" covered="4"/><counter type="COMPLEXITY" missed="0" covered="2"/><counter type="METHOD" missed="0" covered="1"/></method><method name="escapeJson" desc="(Ljava/lang/String;)Ljava/lang/String;" line="58"><counter type="INSTRUCTION" missed="0" covered="26"/><counter type="BRANCH" missed="0" covered="4"/><counter type="LINE" missed="0" covered="6"/><counter type="COMPLEXITY" missed="0" covered="3"/><counter type="METHOD" missed="0" covered="1"/></method><method name="appendEscaped" desc="(Ljava/lang/StringBuilder;C)V" line="70"><counter type="INSTRUCTION" missed="0" covered="41"/><counter type="BRANCH" missed="0" covered="8"/><counter type="LINE" missed="0" covered="10"/><counter type="COMPLEXITY" missed="0" covered="8"/><counter type="METHOD" missed="0" covered="1"/></method><method name="appendDefault" desc="(Ljava/lang/StringBuilder;C)V" line="84"><counter type="INSTRUCTION" missed="0" covered="21"/><counter type="BRANCH" missed="0" covered="2"/><counter type="LINE" missed="0" covered="4"/><counter type="COMPLEXITY" missed="0" covered="2"/><counter type="METHOD" missed="0" covered="1"/></method><counter type="INSTRUCTION" missed="0" covered="107"/><counter type="BRANCH" missed="0" covered="16"/><counter type="LINE" missed="0" covered="24"/><counter type="COMPLEXITY" missed="0" covered="15"/><counter type="METHOD" missed="0" covered="4"/><counter type="CLASS" missed="0" covered="1"/></class><sourcefile name="ResourceResolver.java"><line nr="27" mi="0" ci="4" mb="0" cb="0"/><line nr="29" mi="0" ci="5" mb="0" cb="0"/><line nr="54" mi="0" ci="2" mb="0" cb="0"/><line nr="56" mi="0" ci="6" mb="0" cb="0"/><line nr="63" mi="0" ci="3" mb="0" cb="2"/><line nr="64" mi="0" ci="2" mb="0" cb="2"/><line nr="65" mi="0" ci="5" mb="0" cb="0"/><line nr="68" mi="0" ci="4" mb="0" cb="2"/><line nr="69" mi="0" ci="6" mb="0" cb="0"/><line nr="73" mi="0" ci="6" mb="0" cb="2"/><line nr="74" mi="0" ci="2" mb="0" cb="2"/><line nr="76" mi="0" ci="6" mb="0" cb="0"/><line nr="80" mi="0" ci="1" mb="0" cb="0"/><line nr="84" mi="0" ci="4" mb="0" cb="2"/><line nr="85" mi="0" ci="6" mb="0" cb="0"/><line nr="86" mi="0" ci="1" mb="0" cb="0"/><line nr="87" mi="0" ci="2" mb="0" cb="0"/><line nr="89" mi="0" ci="4" mb="0" cb="0"/><line nr="90" mi="0" ci="2" mb="0" cb="0"/><line nr="91" mi="0" ci="3" mb="0" cb="0"/><line nr="93" mi="0" ci="4" mb="1" cb="1"/><line nr="94" mi="6" ci="0" mb="0" cb="0"/><line nr="98" mi="0" ci="5" mb="0" cb="2"/><line nr="99" mi="0" ci="6" mb="0" cb="0"/><line nr="103" mi="0" ci="2" mb="0" cb="0"/><line nr="118" mi="0" ci="4" mb="0" cb="0"/><line nr="136" mi="0" ci="4" mb="0" cb="0"/><line nr="141" mi="0" ci="3" mb="0" cb="0"/><line nr="142" mi="0" ci="2" mb="0" cb="2"/><line nr="143" mi="0" ci="5" mb="0" cb="0"/><line nr="146" mi="0" ci="3" mb="0" cb="0"/><line nr="147" mi="0" ci="4" mb="1" cb="1"/><line nr="148" mi="0" ci="4" mb="0" cb="0"/><line nr="150" mi="4" ci="0" mb="2" cb="0"/><line nr="151" mi="3" ci="0" mb="0" cb="0"/><line nr="154" mi="5" ci="0" mb="0" cb="0"/><line nr="158" mi="0" ci="1" mb="0" cb="0"/><line nr="159" mi="0" ci="2" mb="0" cb="0"/><line nr="160" mi="0" ci="2" mb="1" cb="1"/><line nr="161" mi="3" ci="0" mb="0" cb="0"/><line nr="163" mi="0" ci="4" mb="0" cb="0"/><line nr="169" mi="0" ci="4" mb="0" cb="0"/><line nr="170" mi="0" ci="7" mb="0" cb="2"/><line nr="171" mi="0" ci="3" mb="0" cb="0"/><line nr="173" mi="0" ci="2" mb="0" cb="0"/><line nr="174" mi="1" ci="0" mb="0" cb="0"/><line nr="175" mi="11" ci="0" mb="0" cb="0"/><line nr="183" mi="0" ci="4" mb="0" cb="0"/><line nr="184" mi="0" ci="5" mb="0" cb="2"/><line nr="185" mi="0" ci="2" mb="1" cb="1"/><line nr="186" mi="0" ci="4" mb="0" cb="0"/><line nr="188" mi="0" ci="1" mb="0" cb="0"/><line nr="190" mi="0" ci="2" mb="0" cb="0"/><line nr="191" mi="0" ci="2" mb="0" cb="0"/><line nr="192" mi="0" ci="4" mb="0" cb="0"/><line nr="204" mi="0" ci="2" mb="0" cb="0"/><line nr="205" mi="0" ci="1" mb="0" cb="0"/><line nr="217" mi="0" ci="2" mb="1" cb="1"/><line nr="218" mi="5" ci="0" mb="0" cb="0"/><line nr="220" mi="0" ci="1" mb="0" cb="0"/><line nr="221" mi="0" ci="2" mb="0" cb="0"/><line nr="222" mi="0" ci="1" mb="0" cb="0"/><line nr="224" mi="0" ci="9" mb="0" cb="0"/><line nr="228" mi="0" ci="3" mb="0" cb="0"/><line nr="229" mi="0" ci="2" mb="0" cb="0"/><line nr="230" mi="1" ci="7" mb="1" cb="1"/><line nr="234" mi="0" ci="3" mb="0" cb="2"/><line nr="235" mi="0" ci="6" mb="0" cb="0"/><line nr="236" mi="0" ci="4" mb="0" cb="0"/><line nr="241" mi="0" ci="8" mb="0" cb="0"/><line nr="243" mi="0" ci="3" mb="0" cb="0"/><line nr="245" mi="0" ci="1" mb="0" cb="0"/><line nr="254" mi="0" ci="3" mb="0" cb="0"/><line nr="255" mi="0" ci="1" mb="0" cb="0"/><counter type="INSTRUCTION" missed="39" covered="228"/><counter type="BRANCH" missed="8" covered="28"/><counter type="LINE" missed="8" covered="66"/><counter type="COMPLEXITY" missed="7" covered="28"/><counter type="METHOD" missed="0" covered="17"/><counter type="CLASS" missed="0" covered="1"/></sourcefile><sourcefile name="JsonHelpers.java"><line nr="29" mi="0" ci="2" mb="0" cb="2"/><line nr="30" mi="0" ci="8" mb="0" cb="0"/><line nr="32" mi="0" ci="5" mb="0" cb="0"/><line nr="34" mi="0" ci="4" mb="0" cb="0"/><line nr="58" mi="0" ci="2" mb="0" cb="2"/><line nr="59" mi="0" ci="2" mb="0" cb="0"/><line nr="61" mi="0" ci="6" mb="0" cb="0"/><line nr="62" mi="0" ci="8" mb="0" cb="2"/><line nr="63" mi="0" ci="5" mb="0" cb="0"/><line nr="65" mi="0" ci="3" mb="0" cb="0"/><line nr="70" mi="0" ci="2" mb="0" cb="8"/><line nr="71" mi="0" ci="5" mb="0" cb="0"/><line nr="72" mi="0" ci="5" mb="0" cb="0"/><line nr="73" mi="0" ci="5" mb="0" cb="0"/><line nr="74" mi="0" ci="5" mb="0" cb="0"/><line nr="75" mi="0" ci="5" mb="0" cb="0"/><line nr="76" mi="0" ci="5" mb="0" cb="0"/><line nr="77" mi="0" ci="5" mb="0" cb="0"/><line nr="78" mi="0" ci="3" mb="0" cb="0"/><line nr="80" mi="0" ci="1" mb="0" cb="0"/><line nr="84" mi="0" ci="3" mb="0" cb="2"/><line nr="85" mi="0" ci="13" mb="0" cb="0"/><line nr="87" mi="0" ci="4" mb="0" cb="0"/><line nr="89" mi="0" ci="1" mb="0" cb="0"/><counter type="INSTRUCTION" missed="0" covered="107"/><counter type="BRANCH" missed="0" covered="16"/><counter type="LINE" missed="0" covered="24"/><counter type="COMPLEXITY" missed="0" covered="15"/><counter type="METHOD" missed="0" covered="4"/><counter type="CLASS" missed="0" covered="1"/></sourcefile><sourcefile name="ResourceDiscovery.java"><line nr="55" mi="0" ci="2" mb="0" cb="0"/><line nr="56" mi="0" ci="3" mb="0" cb="0"/><line nr="57" mi="0" ci="1" mb="0" cb="0"/><line nr="67" mi="0" ci="2" mb="0" cb="0"/><line nr="68" mi="0" ci="3" mb="0" cb="0"/><line nr="69" mi="0" ci="1" mb="0" cb="0"/><line nr="77" mi="0" ci="3" mb="0" cb="0"/><line nr="87" mi="0" ci="4" mb="0" cb="2"/><line nr="88" mi="0" ci="2" mb="0" cb="0"/><line nr="90" mi="0" ci="4" mb="0" cb="0"/><line nr="105" mi="0" ci="7" mb="0" cb="0"/><line nr="106" mi="0" ci="8" mb="0" cb="0"/><line nr="107" mi="0" ci="2" mb="0" cb="0"/><line nr="108" mi="0" ci="5" mb="0" cb="0"/><line nr="110" mi="0" ci="2" mb="0" cb="0"/><line nr="121" mi="0" ci="4" mb="0" cb="0"/><line nr="122" mi="0" ci="3" mb="0" cb="0"/><line nr="123" mi="0" ci="9" mb="0" cb="0"/><line nr="124" mi="1" ci="0" mb="0" cb="0"/><line nr="125" mi="4" ci="0" mb="0" cb="0"/><line nr="126" mi="3" ci="0" mb="0" cb="0"/><line nr="142" mi="0" ci="3" mb="0" cb="2"/><line nr="143" mi="0" ci="4" mb="0" cb="0"/><line nr="145" mi="0" ci="4" mb="0" cb="0"/><line nr="149" mi="0" ci="3" mb="0" cb="2"/><line nr="150" mi="0" ci="2" mb="0" cb="0"/><line nr="152" mi="0" ci="8" mb="0" cb="0"/><line nr="156" mi="0" ci="9" mb="0" cb="2"/><line nr="161" mi="0" ci="3" mb="0" cb="2"/><line nr="162" mi="0" ci="2" mb="0" cb="0"/><line nr="164" mi="0" ci="5" mb="0" cb="0"/><line nr="165" mi="0" ci="5" mb="0" cb="2"/><line nr="167" mi="0" ci="3" mb="0" cb="0"/><line nr="168" mi="0" ci="2" mb="0" cb="0"/><line nr="169" mi="1" ci="0" mb="0" cb="0"/><line nr="170" mi="2" ci="0" mb="0" cb="0"/><line nr="173" mi="0" ci="2" mb="0" cb="0"/><line nr="178" mi="0" ci="3" mb="0" cb="0"/><line nr="179" mi="0" ci="3" mb="0" cb="0"/><line nr="183" mi="0" ci="5" mb="0" cb="0"/><line nr="184" mi="0" ci="5" mb="0" cb="2"/><line nr="185" mi="0" ci="2" mb="0" cb="0"/><line nr="187" mi="0" ci="4" mb="0" cb="0"/><line nr="188" mi="0" ci="1" mb="0" cb="0"/><line nr="189" mi="0" ci="2" mb="0" cb="0"/><line nr="190" mi="0" ci="10" mb="0" cb="2"/><line nr="191" mi="0" ci="5" mb="0" cb="2"/><line nr="192" mi="0" ci="6" mb="0" cb="0"/><line nr="194" mi="0" ci="1" mb="0" cb="0"/><line nr="195" mi="1" ci="0" mb="0" cb="0"/><line nr="196" mi="2" ci="0" mb="0" cb="0"/><line nr="197" mi="0" ci="1" mb="0" cb="0"/><line nr="198" mi="0" ci="2" mb="0" cb="0"/><line nr="206" mi="0" ci="2" mb="0" cb="0"/><line nr="210" mi="0" ci="3" mb="0" cb="2"/><line nr="211" mi="0" ci="10" mb="0" cb="0"/><line nr="213" mi="0" ci="2" mb="0" cb="0"/><line nr="217" mi="0" ci="1" mb="0" cb="0"/><line nr="218" mi="0" ci="2" mb="0" cb="0"/><line nr="219" mi="0" ci="2" mb="1" cb="1"/><line nr="220" mi="3" ci="0" mb="0" cb="0"/><line nr="222" mi="0" ci="2" mb="0" cb="0"/><counter type="INSTRUCTION" missed="17" covered="194"/><counter type="BRANCH" missed="1" covered="21"/><counter type="LINE" missed="8" covered="54"/><counter type="COMPLEXITY" missed="1" covered="27"/><counter type="METHOD" missed="0" covered="17"/><counter type="CLASS" missed="0" covered="1"/></sourcefile><sourcefile name="PathUtils.java"><line nr="32" mi="0" ci="6" mb="0" cb="0"/><line nr="37" mi="0" ci="2" mb="0" cb="0"/><line nr="38" mi="0" ci="2" mb="0" cb="0"/><line nr="55" mi="0" ci="7" mb="0" cb="0"/><line nr="74" mi="0" ci="4" mb="0" cb="0"/><line nr="76" mi="0" ci="2" mb="0" cb="0"/><line nr="77" mi="0" ci="2" mb="0" cb="0"/><line nr="78" mi="0" ci="2" mb="0" cb="0"/><line nr="79" mi="0" ci="2" mb="0" cb="0"/><line nr="80" mi="0" ci="1" mb="0" cb="0"/><line nr="83" mi="0" ci="2" mb="0" cb="0"/><line nr="84" mi="0" ci="3" mb="0" cb="0"/><line nr="85" mi="0" ci="3" mb="0" cb="0"/><line nr="86" mi="0" ci="4" mb="0" cb="2"/><line nr="87" mi="0" ci="9" mb="0" cb="0"/><line nr="92" mi="0" ci="5" mb="0" cb="0"/><line nr="94" mi="0" ci="1" mb="0" cb="0"/><line nr="97" mi="0" ci="4" mb="0" cb="0"/><line nr="98" mi="0" ci="3" mb="0" cb="0"/><line nr="99" mi="0" ci="4" mb="0" cb="2"/><line nr="100" mi="0" ci="9" mb="0" cb="0"/><line nr="102" mi="0" ci="4" mb="0" cb="0"/><line nr="104" mi="0" ci="1" mb="0" cb="0"/><line nr="107" mi="0" ci="10" mb="0" cb="2"/><line nr="108" mi="0" ci="4" mb="0" cb="0"/><line nr="109" mi="0" ci="3" mb="0" cb="0"/><line nr="110" mi="0" ci="6" mb="0" cb="2"/><line nr="111" mi="0" ci="2" mb="0" cb="2"/><line nr="113" mi="0" ci="13" mb="0" cb="0"/><line nr="116" mi="0" ci="4" mb="0" cb="0"/><line nr="120" mi="0" ci="1" mb="0" cb="0"/><line nr="121" mi="0" ci="1" mb="0" cb="0"/><line nr="125" mi="0" ci="10" mb="0" cb="2"/><line nr="126" mi="0" ci="4" mb="0" cb="0"/><line nr="127" mi="0" ci="3" mb="0" cb="0"/><line nr="128" mi="0" ci="4" mb="0" cb="2"/><line nr="129" mi="0" ci="13" mb="0" cb="0"/><line nr="132" mi="0" ci="4" mb="0" cb="0"/><line nr="136" mi="0" ci="1" mb="0" cb="0"/><line nr="137" mi="0" ci="1" mb="0" cb="0"/><line nr="150" mi="0" ci="4" mb="0" cb="0"/><line nr="151" mi="0" ci="2" mb="0" cb="0"/><line nr="152" mi="0" ci="1" mb="0" cb="0"/><counter type="INSTRUCTION" missed="0" covered="173"/><counter type="BRANCH" missed="0" covered="14"/><counter type="LINE" missed="0" covered="43"/><counter type="COMPLEXITY" missed="0" covered="15"/><counter type="METHOD" missed="0" covered="8"/><counter type="CLASS" missed="0" covered="1"/></sourcefile><sourcefile name="JarResourceExtractor.java"><line nr="43" mi="0" ci="1" mb="0" cb="0"/><line nr="44" mi="0" ci="2" mb="0" cb="0"/><line nr="46" mi="0" ci="3" mb="0" cb="0"/><line nr="47" mi="0" ci="4" mb="0" cb="0"/><line nr="48" mi="0" ci="7" mb="0" cb="0"/><line nr="49" mi="0" ci="3" mb="0" cb="0"/><line nr="51" mi="0" ci="1" mb="0" cb="0"/><line nr="52" mi="0" ci="2" mb="0" cb="0"/><line nr="53" mi="0" ci="1" mb="0" cb="0"/><line nr="54" mi="0" ci="6" mb="0" cb="0"/><line nr="55" mi="0" ci="8" mb="0" cb="0"/><line nr="59" mi="0" ci="2" mb="0" cb="0"/><line nr="60" mi="1" ci="0" mb="0" cb="0"/><line nr="61" mi="6" ci="0" mb="0" cb="0"/><line nr="72" mi="0" ci="2" mb="0" cb="0"/><line nr="73" mi="0" ci="3" mb="0" cb="0"/><line nr="74" mi="0" ci="3" mb="0" cb="0"/><line nr="75" mi="0" ci="1" mb="0" cb="0"/><line nr="82" mi="0" ci="3" mb="0" cb="2"/><line nr="83" mi="0" ci="2" mb="0" cb="0"/><line nr="85" mi="0" ci="7" mb="0" cb="0"/><line nr="86" mi="0" ci="2" mb="0" cb="0"/><line nr="87" mi="0" ci="5" mb="0" cb="0"/><line nr="88" mi="0" ci="2" mb="0" cb="0"/><line nr="96" mi="0" ci="4" mb="0" cb="0"/><line nr="97" mi="0" ci="2" mb="0" cb="0"/><line nr="98" mi="0" ci="6" mb="0" cb="2"/><line nr="99" mi="0" ci="2" mb="1" cb="1"/><line nr="100" mi="0" ci="2" mb="0" cb="0"/><line nr="102" mi="0" ci="5" mb="0" cb="0"/><line nr="103" mi="0" ci="6" mb="0" cb="0"/><line nr="104" mi="0" ci="3" mb="0" cb="0"/><line nr="105" mi="0" ci="2" mb="0" cb="0"/><line nr="106" mi="0" ci="10" mb="0" cb="0"/><line nr="110" mi="0" ci="2" mb="0" cb="0"/><counter type="INSTRUCTION" missed="7" covered="114"/><counter type="BRANCH" missed="1" covered="5"/><counter type="LINE" missed="2" covered="33"/><counter type="COMPLEXITY" missed="1" covered="6"/><counter type="METHOD" missed="0" covered="4"/><counter type="CLASS" missed="0" covered="2"/></sourcefile><sourcefile name="OverwriteDetector.java"><line nr="37" mi="0" ci="10" mb="0" cb="0"/><line nr="59" mi="0" ci="5" mb="0" cb="2"/><line nr="60" mi="0" ci="2" mb="0" cb="0"/><line nr="63" mi="0" ci="4" mb="0" cb="0"/><line nr="64" mi="0" ci="10" mb="0" cb="2"/><line nr="65" mi="0" ci="4" mb="0" cb="0"/><line nr="66" mi="0" ci="5" mb="0" cb="2"/><line nr="67" mi="0" ci="11" mb="0" cb="0"/><line nr="69" mi="0" ci="1" mb="0" cb="0"/><line nr="70" mi="0" ci="3" mb="0" cb="0"/><line nr="85" mi="0" ci="3" mb="0" cb="2"/><line nr="86" mi="0" ci="2" mb="0" cb="0"/><line nr="89" mi="0" ci="4" mb="0" cb="0"/><line nr="90" mi="0" ci="4" mb="0" cb="0"/><line nr="93" mi="0" ci="10" mb="0" cb="2"/><line nr="94" mi="0" ci="6" mb="0" cb="0"/><line nr="95" mi="0" ci="2" mb="0" cb="0"/><line nr="96" mi="0" ci="1" mb="0" cb="0"/><line nr="97" mi="0" ci="4" mb="0" cb="0"/><line nr="98" mi="0" ci="4" mb="0" cb="0"/><line nr="99" mi="0" ci="4" mb="0" cb="0"/><line nr="100" mi="0" ci="3" mb="0" cb="0"/><counter type="INSTRUCTION" missed="0" covered="102"/><counter type="BRANCH" missed="0" covered="10"/><counter type="LINE" missed="0" covered="22"/><counter type="COMPLEXITY" missed="0" covered="8"/><counter type="METHOD" missed="0" covered="3"/><counter type="CLASS" missed="0" covered="1"/></sourcefile><counter type="INSTRUCTION" missed="63" covered="918"/><counter type="BRANCH" missed="10" covered="94"/><counter type="LINE" missed="18" covered="242"/><counter type="COMPLEXITY" missed="9" covered="99"/><counter type="METHOD" missed="0" covered="53"/><counter type="CLASS" missed="0" covered="7"/></package><counter type="INSTRUCTION" missed="1505" covered="30325"/><counter type="BRANCH" missed="249" covered="2242"/><counter type="LINE" missed="374" covered="7441"/><counter type="COMPLEXITY" missed="261" covered="2401"/><counter type="METHOD" missed="18" covered="1385"/><counter type="CLASS" missed="2" covered="276"/></report>